#
# A fatal error has been detected by the Java Runtime Environment:
#
#  EXCEPTION_ACCESS_VIOLATION (0xc0000005) at pc=0x00007ffa260b9730, pid=16404, tid=14496
#
# JRE version: Java(TM) SE Runtime Environment (13.0.1+9) (build 13.0.1+9)
# Java VM: Java HotSpot(TM) 64-Bit Server VM (13.0.1+9, mixed mode, sharing, tiered, compressed oops, g1 gc, windows-amd64)
# Problematic frame:
# C  [atio6axx.dll+0xbb9730]
#
# No core dump will be written. Minidumps are not enabled by default on client versions of Windows
#
# If you would like to submit a bug report, please visit:
#   http://bugreport.java.com/bugreport/crash.jsp
# The crash happened outside the Java Virtual Machine in native code.
# See problematic frame for where to report the bug.
#

---------------  S U M M A R Y ------------

Command Line: -Dfile.encoding=windows-1252 -Duser.country=GB -Duser.language=en -Duser.variant Main

Host: AMD Ryzen 5 1600 Six-Core Processor            , 12 cores, 15G,  Windows 10 , 64 bit Build 19041 (10.0.19041.804)
Time: Tue Apr 13 13:44:35 2021 GMT Summer Time elapsed time: 0 seconds (0d 0h 0m 0s)

---------------  T H R E A D  ---------------

Current thread (0x0000021ec255c000):  JavaThread "main" [_thread_in_native, id=14496, stack(0x000000aba5c00000,0x000000aba5d00000)]

Stack: [0x000000aba5c00000,0x000000aba5d00000],  sp=0x000000aba5cff070,  free space=1020k
Native frames: (J=compiled Java code, j=interpreted, Vv=VM code, C=native code)
C  [atio6axx.dll+0xbb9730]

Java frames: (J=compiled Java code, j=interpreted, Vv=VM code)
j  org.lwjgl.opengl.GL20C.nglShaderSource(IIJJ)V+0
j  org.lwjgl.opengl.GL20C.glShaderSource(ILorg/lwjgl/PointerBuffer;Ljava/nio/IntBuffer;)V+27
j  org.lwjgl.opengl.GL20.glShaderSource(ILorg/lwjgl/PointerBuffer;Ljava/nio/IntBuffer;)V+3
j  ShaderProgram.createShader(Ljava/lang/String;ILjava/lang/String;)I+165
j  ShaderProgram.<init>(Ljava/lang/String;Ljava/lang/String;)V+10
j  QuadShader.<init>(Ljava/lang/String;Ljava/lang/String;I)V+3
j  Window.init()V+283
j  Window.run()V+1
j  Main.main([Ljava/lang/String;)V+9
v  ~StubRoutines::call_stub

siginfo: EXCEPTION_ACCESS_VIOLATION (0xc0000005), reading address 0x0000000000000010


Register to memory mapping:

RIP=0x00007ffa260b9730 atio6axx.dll
RAX=0x0000000000000010 is an unknown value
RBX=0x0 is NULL
RCX=0x00000000000000f5 is an unknown value
RDX=0x0000000000000010 is an unknown value
RSP=0x000000aba5cff070 is pointing into the stack for thread: 0x0000021ec255c000
RBP=0x00000000000000f5 is an unknown value
RSI=0x0000021ee9c94c00 points into unknown readable memory: 80 c2 04 e8 1e 02 00 00
RDI=0x0000000000000002 is an unknown value
R8 =0x000000aba5cff170 is pointing into the stack for thread: 0x0000021ec255c000
R9 =0x0000000000000001 is an unknown value
R10=0x0000000000008000 is an unknown value
R11=0x000000aba5cff010 is pointing into the stack for thread: 0x0000021ec255c000
R12=0x0000000000000010 is an unknown value
R13=0x0000000000000001 is an unknown value
R14=0x000000aba5cff170 is pointing into the stack for thread: 0x0000021ec255c000
R15=0x0000000000000001 is an unknown value


Registers:
RAX=0x0000000000000010, RBX=0x0000000000000000, RCX=0x00000000000000f5, RDX=0x0000000000000010
RSP=0x000000aba5cff070, RBP=0x00000000000000f5, RSI=0x0000021ee9c94c00, RDI=0x0000000000000002
R8 =0x000000aba5cff170, R9 =0x0000000000000001, R10=0x0000000000008000, R11=0x000000aba5cff010
R12=0x0000000000000010, R13=0x0000000000000001, R14=0x000000aba5cff170, R15=0x0000000000000001
RIP=0x00007ffa260b9730, EFLAGS=0x0000000000010206

Top of Stack: (sp=0x000000aba5cff070)
0x000000aba5cff070:   0000021ee9d33900 00007ffa2708ad5c
0x000000aba5cff080:   0000000000000000 0000000000000001
0x000000aba5cff090:   0000000000000001 00000000000000f5
0x000000aba5cff0a0:   ffffffffffffffff 00007ffa260b9999
0x000000aba5cff0b0:   0000000000000000 000000aba5cff1b0
0x000000aba5cff0c0:   0000021ee9c94c00 0000000000000002
0x000000aba5cff0d0:   0000021ecaa9c980 0000005000000400
0x000000aba5cff0e0:   00000001a5cff000 0000000000000001
0x000000aba5cff0f0:   0000021ee9d33ad0 0000000000000001
0x000000aba5cff100:   0000000000000001 0000021ee9d33900
0x000000aba5cff110:   6e6f697372657600 0000000030333420
0x000000aba5cff120:   0000000000000000 000000000000000f
0x000000aba5cff130:   0000000000000001 00000000000000f5
0x000000aba5cff140:   0000021eee7c3f50 0000000000000001
0x000000aba5cff150:   0000021eee7c3f50 0000000000000000
0x000000aba5cff160:   000000000000017b 00000000000003af 

Instructions: (pc=0x00007ffa260b9730)
0x00007ffa260b9630:   00 00 00 75 1d 48 8b 0d 7c 2e fa 01 8b 81 18 06
0x00007ffa260b9640:   00 00 0f ba e0 1e 72 0a 0f ba e8 0e 89 81 18 06
0x00007ffa260b9650:   00 00 48 8b be c8 74 06 00 48 8b 4f 08 48 85 c9
0x00007ffa260b9660:   74 0f 48 3b cb 74 0a 48 8b 01 ba 01 00 00 00 ff
0x00007ffa260b9670:   10 48 89 5f 08 eb 5f 48 83 bc 24 90 00 00 00 00
0x00007ffa260b9680:   75 0d 44 89 77 18 c7 47 1c 05 00 00 00 eb 47 48
0x00007ffa260b9690:   8b d6 48 8b cf e8 36 fd ff ff eb 3a 48 ff 47 10
0x00007ffa260b96a0:   48 83 7f 10 04 c7 47 1c 04 00 00 00 48 89 6f 08
0x00007ffa260b96b0:   75 24 80 7f 20 00 74 1e 48 8b 9e c8 74 06 00 48
0x00007ffa260b96c0:   8b 4b 08 48 85 c9 74 0a 48 8b 01 ba 01 00 00 00
0x00007ffa260b96d0:   ff 10 48 89 6b 08 48 8b 5c 24 60 32 c0 48 83 c4
0x00007ffa260b96e0:   20 41 5f 41 5e 41 5d 41 5c 5f 5e 5d c3 cc cc cc
0x00007ffa260b96f0:   41 56 48 83 ec 30 48 89 5c 24 40 4d 8b f0 48 89
0x00007ffa260b9700:   6c 24 48 33 db 4c 89 64 24 28 4c 8b e2 48 8b e9
0x00007ffa260b9710:   48 85 c9 0f 84 1e 01 00 00 48 89 74 24 50 48 89
0x00007ffa260b9720:   7c 24 58 4c 89 7c 24 20 0f 1f 84 00 00 00 00 00
0x00007ffa260b9730:   42 0f b6 34 23 4e 8d 3c 23 48 ff c3 40 84 f6 0f
0x00007ffa260b9740:   84 e3 00 00 00 8d 46 f7 a8 fa 75 0a 40 80 fe 0e
0x00007ffa260b9750:   0f 85 c9 00 00 00 41 b8 02 00 00 00 48 8d 15 2d
0x00007ffa260b9760:   5e be 01 49 8b cf e8 85 8d fb 00 41 b8 02 00 00
0x00007ffa260b9770:   00 48 8d 15 28 5f be 01 49 8b cf 8b f8 e8 6e 8d
0x00007ffa260b9780:   fb 00 85 c0 0f 94 c0 85 ff 75 28 0f 1f 44 00 00
0x00007ffa260b9790:   40 80 fe 0d 0f 84 85 00 00 00 48 3b dd 0f 83 85
0x00007ffa260b97a0:   00 00 00 42 0f b6 34 23 48 ff c3 40 80 fe 0a 75
0x00007ffa260b97b0:   df eb 6c 84 c0 74 20 48 8d 15 de 5e be 01 49 8b
0x00007ffa260b97c0:   cf e8 3e 6c fa 00 48 85 c0 74 54 49 2b c7 48 83
0x00007ffa260b97d0:   c3 02 48 03 d8 eb 48 49 8b 56 08 49 8b 4e 10 48
0x00007ffa260b97e0:   8d 42 01 48 3b c1 76 2c 48 83 f9 10 73 06 48 8d
0x00007ffa260b97f0:   51 01 eb 14 48 8d 14 09 48 81 f9 00 02 00 00 72
0x00007ffa260b9800:   07 48 8d 91 00 02 00 00 49 8b ce e8 50 13 55 ff
0x00007ffa260b9810:   49 8b 56 08 49 8b 06 40 88 34 02 49 ff 46 08 48
0x00007ffa260b9820:   3b dd 0f 82 08 ff ff ff 48 8b 7c 24 58 48 8b 74 


Stack slot to memory mapping:
stack at sp + 0 slots: 0x0000021ee9d33900 points into unknown readable memory: 0d 00 00 00 61 6d 65 00
stack at sp + 1 slots: 0x00007ffa2708ad5c atio6axx.dll
stack at sp + 2 slots: 0x0 is NULL
stack at sp + 3 slots: 0x0000000000000001 is an unknown value
stack at sp + 4 slots: 0x0000000000000001 is an unknown value
stack at sp + 5 slots: 0x00000000000000f5 is an unknown value
stack at sp + 6 slots: 0xffffffffffffffff is an unknown value
stack at sp + 7 slots: 0x00007ffa260b9999 atio6axx.dll


---------------  P R O C E S S  ---------------

Threads class SMR info:
_java_thread_list=0x0000021eee745a30, length=11, elements={
0x0000021ec255c000, 0x0000021ee6d61000, 0x0000021ee6d64000, 0x0000021ee6d7d800,
0x0000021ee7607000, 0x0000021ee7608000, 0x0000021ee7609000, 0x0000021ee760a000,
0x0000021ee7741800, 0x0000021ee776a800, 0x0000021ee9c44000
}

Java Threads: ( => current thread )
=>0x0000021ec255c000 JavaThread "main" [_thread_in_native, id=14496, stack(0x000000aba5c00000,0x000000aba5d00000)]
  0x0000021ee6d61000 JavaThread "Reference Handler" daemon [_thread_blocked, id=13572, stack(0x000000aba6300000,0x000000aba6400000)]
  0x0000021ee6d64000 JavaThread "Finalizer" daemon [_thread_blocked, id=7620, stack(0x000000aba6400000,0x000000aba6500000)]
  0x0000021ee6d7d800 JavaThread "Signal Dispatcher" daemon [_thread_blocked, id=10816, stack(0x000000aba6500000,0x000000aba6600000)]
  0x0000021ee7607000 JavaThread "Attach Listener" daemon [_thread_blocked, id=10132, stack(0x000000aba6600000,0x000000aba6700000)]
  0x0000021ee7608000 JavaThread "C2 CompilerThread0" daemon [_thread_blocked, id=6028, stack(0x000000aba6700000,0x000000aba6800000)]
  0x0000021ee7609000 JavaThread "C1 CompilerThread0" daemon [_thread_blocked, id=17016, stack(0x000000aba6800000,0x000000aba6900000)]
  0x0000021ee760a000 JavaThread "Sweeper thread" daemon [_thread_blocked, id=10372, stack(0x000000aba6900000,0x000000aba6a00000)]
  0x0000021ee7741800 JavaThread "Service Thread" daemon [_thread_blocked, id=18180, stack(0x000000aba6a00000,0x000000aba6b00000)]
  0x0000021ee776a800 JavaThread "Common-Cleaner" daemon [_thread_blocked, id=10168, stack(0x000000aba6c00000,0x000000aba6d00000)]
  0x0000021ee9c44000 JavaThread "C2 CompilerThread1" daemon [_thread_blocked, id=16900, stack(0x000000aba7000000,0x000000aba7100000)]

Other Threads:
  0x0000021ee6d60000 VMThread "VM Thread" [stack: 0x000000aba6200000,0x000000aba6300000] [id=3928]
  0x0000021ee7765000 WatcherThread [stack: 0x000000aba6b00000,0x000000aba6c00000] [id=13388]
  0x0000021ec25cb000 GCTaskThread "GC Thread#0" [stack: 0x000000aba5d00000,0x000000aba5e00000] [id=15136]
  0x0000021ec25ee800 ConcurrentGCThread "G1 Main Marker" [stack: 0x000000aba5e00000,0x000000aba5f00000] [id=2272]
  0x0000021ec25f1000 ConcurrentGCThread "G1 Conc#0" [stack: 0x000000aba5f00000,0x000000aba6000000] [id=8248]
  0x0000021ee6c58000 ConcurrentGCThread "G1 Refine#0" [stack: 0x000000aba6000000,0x000000aba6100000] [id=1452]
  0x0000021ee6c5a000 ConcurrentGCThread "G1 Young RemSet Sampling" [stack: 0x000000aba6100000,0x000000aba6200000] [id=2308]

Threads with active compile tasks:

VM state:not at safepoint (normal execution)

VM Mutex/Monitor currently owned by a thread: None

Heap address: 0x0000000700e00000, size: 4082 MB, Compressed Oops mode: Zero based, Oop shift amount: 3
Narrow klass base: 0x0000000800000000, Narrow klass shift: 3
Compressed class space size: 1073741824 Address: 0x0000000800b40000

Heap:
 garbage-first heap   total 262144K, used 17408K [0x0000000700e00000, 0x0000000800000000)
  region size 1024K, 19 young (19456K), 0 survivors (0K)
 Metaspace       used 5666K, capacity 8708K, committed 8832K, reserved 1056768K
  class space    used 293K, capacity 610K, committed 640K, reserved 1048576K
Heap Regions: E=young(eden), S=young(survivor), O=old, HS=humongous(starts), HC=humongous(continues), CS=collection set, F=free, A=archive, TAMS=top-at-mark-start (previous, next)
|   0|0x0000000700e00000, 0x0000000700e00000, 0x0000000700f00000|  0%| F|  |TAMS 0x0000000700e00000, 0x0000000700e00000| Untracked 
|   1|0x0000000700f00000, 0x0000000700f00000, 0x0000000701000000|  0%| F|  |TAMS 0x0000000700f00000, 0x0000000700f00000| Untracked 
|   2|0x0000000701000000, 0x0000000701000000, 0x0000000701100000|  0%| F|  |TAMS 0x0000000701000000, 0x0000000701000000| Untracked 
|   3|0x0000000701100000, 0x0000000701100000, 0x0000000701200000|  0%| F|  |TAMS 0x0000000701100000, 0x0000000701100000| Untracked 
|   4|0x0000000701200000, 0x0000000701200000, 0x0000000701300000|  0%| F|  |TAMS 0x0000000701200000, 0x0000000701200000| Untracked 
|   5|0x0000000701300000, 0x0000000701300000, 0x0000000701400000|  0%| F|  |TAMS 0x0000000701300000, 0x0000000701300000| Untracked 
|   6|0x0000000701400000, 0x0000000701400000, 0x0000000701500000|  0%| F|  |TAMS 0x0000000701400000, 0x0000000701400000| Untracked 
|   7|0x0000000701500000, 0x0000000701500000, 0x0000000701600000|  0%| F|  |TAMS 0x0000000701500000, 0x0000000701500000| Untracked 
|   8|0x0000000701600000, 0x0000000701600000, 0x0000000701700000|  0%| F|  |TAMS 0x0000000701600000, 0x0000000701600000| Untracked 
|   9|0x0000000701700000, 0x0000000701700000, 0x0000000701800000|  0%| F|  |TAMS 0x0000000701700000, 0x0000000701700000| Untracked 
|  10|0x0000000701800000, 0x0000000701800000, 0x0000000701900000|  0%| F|  |TAMS 0x0000000701800000, 0x0000000701800000| Untracked 
|  11|0x0000000701900000, 0x0000000701900000, 0x0000000701a00000|  0%| F|  |TAMS 0x0000000701900000, 0x0000000701900000| Untracked 
|  12|0x0000000701a00000, 0x0000000701a00000, 0x0000000701b00000|  0%| F|  |TAMS 0x0000000701a00000, 0x0000000701a00000| Untracked 
|  13|0x0000000701b00000, 0x0000000701b00000, 0x0000000701c00000|  0%| F|  |TAMS 0x0000000701b00000, 0x0000000701b00000| Untracked 
|  14|0x0000000701c00000, 0x0000000701c00000, 0x0000000701d00000|  0%| F|  |TAMS 0x0000000701c00000, 0x0000000701c00000| Untracked 
|  15|0x0000000701d00000, 0x0000000701d00000, 0x0000000701e00000|  0%| F|  |TAMS 0x0000000701d00000, 0x0000000701d00000| Untracked 
|  16|0x0000000701e00000, 0x0000000701e00000, 0x0000000701f00000|  0%| F|  |TAMS 0x0000000701e00000, 0x0000000701e00000| Untracked 
|  17|0x0000000701f00000, 0x0000000701f00000, 0x0000000702000000|  0%| F|  |TAMS 0x0000000701f00000, 0x0000000701f00000| Untracked 
|  18|0x0000000702000000, 0x0000000702000000, 0x0000000702100000|  0%| F|  |TAMS 0x0000000702000000, 0x0000000702000000| Untracked 
|  19|0x0000000702100000, 0x0000000702100000, 0x0000000702200000|  0%| F|  |TAMS 0x0000000702100000, 0x0000000702100000| Untracked 
|  20|0x0000000702200000, 0x0000000702200000, 0x0000000702300000|  0%| F|  |TAMS 0x0000000702200000, 0x0000000702200000| Untracked 
|  21|0x0000000702300000, 0x0000000702300000, 0x0000000702400000|  0%| F|  |TAMS 0x0000000702300000, 0x0000000702300000| Untracked 
|  22|0x0000000702400000, 0x0000000702400000, 0x0000000702500000|  0%| F|  |TAMS 0x0000000702400000, 0x0000000702400000| Untracked 
|  23|0x0000000702500000, 0x0000000702500000, 0x0000000702600000|  0%| F|  |TAMS 0x0000000702500000, 0x0000000702500000| Untracked 
|  24|0x0000000702600000, 0x0000000702600000, 0x0000000702700000|  0%| F|  |TAMS 0x0000000702600000, 0x0000000702600000| Untracked 
|  25|0x0000000702700000, 0x0000000702700000, 0x0000000702800000|  0%| F|  |TAMS 0x0000000702700000, 0x0000000702700000| Untracked 
|  26|0x0000000702800000, 0x0000000702800000, 0x0000000702900000|  0%| F|  |TAMS 0x0000000702800000, 0x0000000702800000| Untracked 
|  27|0x0000000702900000, 0x0000000702900000, 0x0000000702a00000|  0%| F|  |TAMS 0x0000000702900000, 0x0000000702900000| Untracked 
|  28|0x0000000702a00000, 0x0000000702a00000, 0x0000000702b00000|  0%| F|  |TAMS 0x0000000702a00000, 0x0000000702a00000| Untracked 
|  29|0x0000000702b00000, 0x0000000702b00000, 0x0000000702c00000|  0%| F|  |TAMS 0x0000000702b00000, 0x0000000702b00000| Untracked 
|  30|0x0000000702c00000, 0x0000000702c00000, 0x0000000702d00000|  0%| F|  |TAMS 0x0000000702c00000, 0x0000000702c00000| Untracked 
|  31|0x0000000702d00000, 0x0000000702d00000, 0x0000000702e00000|  0%| F|  |TAMS 0x0000000702d00000, 0x0000000702d00000| Untracked 
|  32|0x0000000702e00000, 0x0000000702e00000, 0x0000000702f00000|  0%| F|  |TAMS 0x0000000702e00000, 0x0000000702e00000| Untracked 
|  33|0x0000000702f00000, 0x0000000702f00000, 0x0000000703000000|  0%| F|  |TAMS 0x0000000702f00000, 0x0000000702f00000| Untracked 
|  34|0x0000000703000000, 0x0000000703000000, 0x0000000703100000|  0%| F|  |TAMS 0x0000000703000000, 0x0000000703000000| Untracked 
|  35|0x0000000703100000, 0x0000000703100000, 0x0000000703200000|  0%| F|  |TAMS 0x0000000703100000, 0x0000000703100000| Untracked 
|  36|0x0000000703200000, 0x0000000703200000, 0x0000000703300000|  0%| F|  |TAMS 0x0000000703200000, 0x0000000703200000| Untracked 
|  37|0x0000000703300000, 0x0000000703300000, 0x0000000703400000|  0%| F|  |TAMS 0x0000000703300000, 0x0000000703300000| Untracked 
|  38|0x0000000703400000, 0x0000000703400000, 0x0000000703500000|  0%| F|  |TAMS 0x0000000703400000, 0x0000000703400000| Untracked 
|  39|0x0000000703500000, 0x0000000703500000, 0x0000000703600000|  0%| F|  |TAMS 0x0000000703500000, 0x0000000703500000| Untracked 
|  40|0x0000000703600000, 0x0000000703600000, 0x0000000703700000|  0%| F|  |TAMS 0x0000000703600000, 0x0000000703600000| Untracked 
|  41|0x0000000703700000, 0x0000000703700000, 0x0000000703800000|  0%| F|  |TAMS 0x0000000703700000, 0x0000000703700000| Untracked 
|  42|0x0000000703800000, 0x0000000703800000, 0x0000000703900000|  0%| F|  |TAMS 0x0000000703800000, 0x0000000703800000| Untracked 
|  43|0x0000000703900000, 0x0000000703900000, 0x0000000703a00000|  0%| F|  |TAMS 0x0000000703900000, 0x0000000703900000| Untracked 
|  44|0x0000000703a00000, 0x0000000703a00000, 0x0000000703b00000|  0%| F|  |TAMS 0x0000000703a00000, 0x0000000703a00000| Untracked 
|  45|0x0000000703b00000, 0x0000000703b00000, 0x0000000703c00000|  0%| F|  |TAMS 0x0000000703b00000, 0x0000000703b00000| Untracked 
|  46|0x0000000703c00000, 0x0000000703c00000, 0x0000000703d00000|  0%| F|  |TAMS 0x0000000703c00000, 0x0000000703c00000| Untracked 
|  47|0x0000000703d00000, 0x0000000703d00000, 0x0000000703e00000|  0%| F|  |TAMS 0x0000000703d00000, 0x0000000703d00000| Untracked 
|  48|0x0000000703e00000, 0x0000000703e00000, 0x0000000703f00000|  0%| F|  |TAMS 0x0000000703e00000, 0x0000000703e00000| Untracked 
|  49|0x0000000703f00000, 0x0000000703f00000, 0x0000000704000000|  0%| F|  |TAMS 0x0000000703f00000, 0x0000000703f00000| Untracked 
|  50|0x0000000704000000, 0x0000000704000000, 0x0000000704100000|  0%| F|  |TAMS 0x0000000704000000, 0x0000000704000000| Untracked 
|  51|0x0000000704100000, 0x0000000704100000, 0x0000000704200000|  0%| F|  |TAMS 0x0000000704100000, 0x0000000704100000| Untracked 
|  52|0x0000000704200000, 0x0000000704200000, 0x0000000704300000|  0%| F|  |TAMS 0x0000000704200000, 0x0000000704200000| Untracked 
|  53|0x0000000704300000, 0x0000000704300000, 0x0000000704400000|  0%| F|  |TAMS 0x0000000704300000, 0x0000000704300000| Untracked 
|  54|0x0000000704400000, 0x0000000704400000, 0x0000000704500000|  0%| F|  |TAMS 0x0000000704400000, 0x0000000704400000| Untracked 
|  55|0x0000000704500000, 0x0000000704500000, 0x0000000704600000|  0%| F|  |TAMS 0x0000000704500000, 0x0000000704500000| Untracked 
|  56|0x0000000704600000, 0x0000000704600000, 0x0000000704700000|  0%| F|  |TAMS 0x0000000704600000, 0x0000000704600000| Untracked 
|  57|0x0000000704700000, 0x0000000704700000, 0x0000000704800000|  0%| F|  |TAMS 0x0000000704700000, 0x0000000704700000| Untracked 
|  58|0x0000000704800000, 0x0000000704800000, 0x0000000704900000|  0%| F|  |TAMS 0x0000000704800000, 0x0000000704800000| Untracked 
|  59|0x0000000704900000, 0x0000000704900000, 0x0000000704a00000|  0%| F|  |TAMS 0x0000000704900000, 0x0000000704900000| Untracked 
|  60|0x0000000704a00000, 0x0000000704a00000, 0x0000000704b00000|  0%| F|  |TAMS 0x0000000704a00000, 0x0000000704a00000| Untracked 
|  61|0x0000000704b00000, 0x0000000704b00000, 0x0000000704c00000|  0%| F|  |TAMS 0x0000000704b00000, 0x0000000704b00000| Untracked 
|  62|0x0000000704c00000, 0x0000000704c00000, 0x0000000704d00000|  0%| F|  |TAMS 0x0000000704c00000, 0x0000000704c00000| Untracked 
|  63|0x0000000704d00000, 0x0000000704d00000, 0x0000000704e00000|  0%| F|  |TAMS 0x0000000704d00000, 0x0000000704d00000| Untracked 
|  64|0x0000000704e00000, 0x0000000704e00000, 0x0000000704f00000|  0%| F|  |TAMS 0x0000000704e00000, 0x0000000704e00000| Untracked 
|  65|0x0000000704f00000, 0x0000000704f00000, 0x0000000705000000|  0%| F|  |TAMS 0x0000000704f00000, 0x0000000704f00000| Untracked 
|  66|0x0000000705000000, 0x0000000705000000, 0x0000000705100000|  0%| F|  |TAMS 0x0000000705000000, 0x0000000705000000| Untracked 
|  67|0x0000000705100000, 0x0000000705100000, 0x0000000705200000|  0%| F|  |TAMS 0x0000000705100000, 0x0000000705100000| Untracked 
|  68|0x0000000705200000, 0x0000000705200000, 0x0000000705300000|  0%| F|  |TAMS 0x0000000705200000, 0x0000000705200000| Untracked 
|  69|0x0000000705300000, 0x0000000705300000, 0x0000000705400000|  0%| F|  |TAMS 0x0000000705300000, 0x0000000705300000| Untracked 
|  70|0x0000000705400000, 0x0000000705400000, 0x0000000705500000|  0%| F|  |TAMS 0x0000000705400000, 0x0000000705400000| Untracked 
|  71|0x0000000705500000, 0x0000000705500000, 0x0000000705600000|  0%| F|  |TAMS 0x0000000705500000, 0x0000000705500000| Untracked 
|  72|0x0000000705600000, 0x0000000705600000, 0x0000000705700000|  0%| F|  |TAMS 0x0000000705600000, 0x0000000705600000| Untracked 
|  73|0x0000000705700000, 0x0000000705700000, 0x0000000705800000|  0%| F|  |TAMS 0x0000000705700000, 0x0000000705700000| Untracked 
|  74|0x0000000705800000, 0x0000000705800000, 0x0000000705900000|  0%| F|  |TAMS 0x0000000705800000, 0x0000000705800000| Untracked 
|  75|0x0000000705900000, 0x0000000705900000, 0x0000000705a00000|  0%| F|  |TAMS 0x0000000705900000, 0x0000000705900000| Untracked 
|  76|0x0000000705a00000, 0x0000000705a00000, 0x0000000705b00000|  0%| F|  |TAMS 0x0000000705a00000, 0x0000000705a00000| Untracked 
|  77|0x0000000705b00000, 0x0000000705b00000, 0x0000000705c00000|  0%| F|  |TAMS 0x0000000705b00000, 0x0000000705b00000| Untracked 
|  78|0x0000000705c00000, 0x0000000705c00000, 0x0000000705d00000|  0%| F|  |TAMS 0x0000000705c00000, 0x0000000705c00000| Untracked 
|  79|0x0000000705d00000, 0x0000000705d00000, 0x0000000705e00000|  0%| F|  |TAMS 0x0000000705d00000, 0x0000000705d00000| Untracked 
|  80|0x0000000705e00000, 0x0000000705e00000, 0x0000000705f00000|  0%| F|  |TAMS 0x0000000705e00000, 0x0000000705e00000| Untracked 
|  81|0x0000000705f00000, 0x0000000705f00000, 0x0000000706000000|  0%| F|  |TAMS 0x0000000705f00000, 0x0000000705f00000| Untracked 
|  82|0x0000000706000000, 0x0000000706000000, 0x0000000706100000|  0%| F|  |TAMS 0x0000000706000000, 0x0000000706000000| Untracked 
|  83|0x0000000706100000, 0x0000000706100000, 0x0000000706200000|  0%| F|  |TAMS 0x0000000706100000, 0x0000000706100000| Untracked 
|  84|0x0000000706200000, 0x0000000706200000, 0x0000000706300000|  0%| F|  |TAMS 0x0000000706200000, 0x0000000706200000| Untracked 
|  85|0x0000000706300000, 0x0000000706300000, 0x0000000706400000|  0%| F|  |TAMS 0x0000000706300000, 0x0000000706300000| Untracked 
|  86|0x0000000706400000, 0x0000000706400000, 0x0000000706500000|  0%| F|  |TAMS 0x0000000706400000, 0x0000000706400000| Untracked 
|  87|0x0000000706500000, 0x0000000706500000, 0x0000000706600000|  0%| F|  |TAMS 0x0000000706500000, 0x0000000706500000| Untracked 
|  88|0x0000000706600000, 0x0000000706600000, 0x0000000706700000|  0%| F|  |TAMS 0x0000000706600000, 0x0000000706600000| Untracked 
|  89|0x0000000706700000, 0x0000000706700000, 0x0000000706800000|  0%| F|  |TAMS 0x0000000706700000, 0x0000000706700000| Untracked 
|  90|0x0000000706800000, 0x0000000706800000, 0x0000000706900000|  0%| F|  |TAMS 0x0000000706800000, 0x0000000706800000| Untracked 
|  91|0x0000000706900000, 0x0000000706900000, 0x0000000706a00000|  0%| F|  |TAMS 0x0000000706900000, 0x0000000706900000| Untracked 
|  92|0x0000000706a00000, 0x0000000706a00000, 0x0000000706b00000|  0%| F|  |TAMS 0x0000000706a00000, 0x0000000706a00000| Untracked 
|  93|0x0000000706b00000, 0x0000000706b00000, 0x0000000706c00000|  0%| F|  |TAMS 0x0000000706b00000, 0x0000000706b00000| Untracked 
|  94|0x0000000706c00000, 0x0000000706c00000, 0x0000000706d00000|  0%| F|  |TAMS 0x0000000706c00000, 0x0000000706c00000| Untracked 
|  95|0x0000000706d00000, 0x0000000706d00000, 0x0000000706e00000|  0%| F|  |TAMS 0x0000000706d00000, 0x0000000706d00000| Untracked 
|  96|0x0000000706e00000, 0x0000000706e00000, 0x0000000706f00000|  0%| F|  |TAMS 0x0000000706e00000, 0x0000000706e00000| Untracked 
|  97|0x0000000706f00000, 0x0000000706f00000, 0x0000000707000000|  0%| F|  |TAMS 0x0000000706f00000, 0x0000000706f00000| Untracked 
|  98|0x0000000707000000, 0x0000000707000000, 0x0000000707100000|  0%| F|  |TAMS 0x0000000707000000, 0x0000000707000000| Untracked 
|  99|0x0000000707100000, 0x0000000707100000, 0x0000000707200000|  0%| F|  |TAMS 0x0000000707100000, 0x0000000707100000| Untracked 
| 100|0x0000000707200000, 0x0000000707200000, 0x0000000707300000|  0%| F|  |TAMS 0x0000000707200000, 0x0000000707200000| Untracked 
| 101|0x0000000707300000, 0x0000000707300000, 0x0000000707400000|  0%| F|  |TAMS 0x0000000707300000, 0x0000000707300000| Untracked 
| 102|0x0000000707400000, 0x0000000707400000, 0x0000000707500000|  0%| F|  |TAMS 0x0000000707400000, 0x0000000707400000| Untracked 
| 103|0x0000000707500000, 0x0000000707500000, 0x0000000707600000|  0%| F|  |TAMS 0x0000000707500000, 0x0000000707500000| Untracked 
| 104|0x0000000707600000, 0x0000000707600000, 0x0000000707700000|  0%| F|  |TAMS 0x0000000707600000, 0x0000000707600000| Untracked 
| 105|0x0000000707700000, 0x0000000707700000, 0x0000000707800000|  0%| F|  |TAMS 0x0000000707700000, 0x0000000707700000| Untracked 
| 106|0x0000000707800000, 0x0000000707800000, 0x0000000707900000|  0%| F|  |TAMS 0x0000000707800000, 0x0000000707800000| Untracked 
| 107|0x0000000707900000, 0x0000000707900000, 0x0000000707a00000|  0%| F|  |TAMS 0x0000000707900000, 0x0000000707900000| Untracked 
| 108|0x0000000707a00000, 0x0000000707a00000, 0x0000000707b00000|  0%| F|  |TAMS 0x0000000707a00000, 0x0000000707a00000| Untracked 
| 109|0x0000000707b00000, 0x0000000707b00000, 0x0000000707c00000|  0%| F|  |TAMS 0x0000000707b00000, 0x0000000707b00000| Untracked 
| 110|0x0000000707c00000, 0x0000000707c00000, 0x0000000707d00000|  0%| F|  |TAMS 0x0000000707c00000, 0x0000000707c00000| Untracked 
| 111|0x0000000707d00000, 0x0000000707d00000, 0x0000000707e00000|  0%| F|  |TAMS 0x0000000707d00000, 0x0000000707d00000| Untracked 
| 112|0x0000000707e00000, 0x0000000707e00000, 0x0000000707f00000|  0%| F|  |TAMS 0x0000000707e00000, 0x0000000707e00000| Untracked 
| 113|0x0000000707f00000, 0x0000000707f00000, 0x0000000708000000|  0%| F|  |TAMS 0x0000000707f00000, 0x0000000707f00000| Untracked 
| 114|0x0000000708000000, 0x0000000708000000, 0x0000000708100000|  0%| F|  |TAMS 0x0000000708000000, 0x0000000708000000| Untracked 
| 115|0x0000000708100000, 0x0000000708100000, 0x0000000708200000|  0%| F|  |TAMS 0x0000000708100000, 0x0000000708100000| Untracked 
| 116|0x0000000708200000, 0x0000000708200000, 0x0000000708300000|  0%| F|  |TAMS 0x0000000708200000, 0x0000000708200000| Untracked 
| 117|0x0000000708300000, 0x0000000708300000, 0x0000000708400000|  0%| F|  |TAMS 0x0000000708300000, 0x0000000708300000| Untracked 
| 118|0x0000000708400000, 0x0000000708400000, 0x0000000708500000|  0%| F|  |TAMS 0x0000000708400000, 0x0000000708400000| Untracked 
| 119|0x0000000708500000, 0x0000000708500000, 0x0000000708600000|  0%| F|  |TAMS 0x0000000708500000, 0x0000000708500000| Untracked 
| 120|0x0000000708600000, 0x0000000708600000, 0x0000000708700000|  0%| F|  |TAMS 0x0000000708600000, 0x0000000708600000| Untracked 
| 121|0x0000000708700000, 0x0000000708700000, 0x0000000708800000|  0%| F|  |TAMS 0x0000000708700000, 0x0000000708700000| Untracked 
| 122|0x0000000708800000, 0x0000000708800000, 0x0000000708900000|  0%| F|  |TAMS 0x0000000708800000, 0x0000000708800000| Untracked 
| 123|0x0000000708900000, 0x0000000708900000, 0x0000000708a00000|  0%| F|  |TAMS 0x0000000708900000, 0x0000000708900000| Untracked 
| 124|0x0000000708a00000, 0x0000000708a00000, 0x0000000708b00000|  0%| F|  |TAMS 0x0000000708a00000, 0x0000000708a00000| Untracked 
| 125|0x0000000708b00000, 0x0000000708b00000, 0x0000000708c00000|  0%| F|  |TAMS 0x0000000708b00000, 0x0000000708b00000| Untracked 
| 126|0x0000000708c00000, 0x0000000708c00000, 0x0000000708d00000|  0%| F|  |TAMS 0x0000000708c00000, 0x0000000708c00000| Untracked 
| 127|0x0000000708d00000, 0x0000000708d00000, 0x0000000708e00000|  0%| F|  |TAMS 0x0000000708d00000, 0x0000000708d00000| Untracked 
| 128|0x0000000708e00000, 0x0000000708e00000, 0x0000000708f00000|  0%| F|  |TAMS 0x0000000708e00000, 0x0000000708e00000| Untracked 
| 129|0x0000000708f00000, 0x0000000708f00000, 0x0000000709000000|  0%| F|  |TAMS 0x0000000708f00000, 0x0000000708f00000| Untracked 
| 130|0x0000000709000000, 0x0000000709000000, 0x0000000709100000|  0%| F|  |TAMS 0x0000000709000000, 0x0000000709000000| Untracked 
| 131|0x0000000709100000, 0x0000000709100000, 0x0000000709200000|  0%| F|  |TAMS 0x0000000709100000, 0x0000000709100000| Untracked 
| 132|0x0000000709200000, 0x0000000709200000, 0x0000000709300000|  0%| F|  |TAMS 0x0000000709200000, 0x0000000709200000| Untracked 
| 133|0x0000000709300000, 0x0000000709300000, 0x0000000709400000|  0%| F|  |TAMS 0x0000000709300000, 0x0000000709300000| Untracked 
| 134|0x0000000709400000, 0x0000000709400000, 0x0000000709500000|  0%| F|  |TAMS 0x0000000709400000, 0x0000000709400000| Untracked 
| 135|0x0000000709500000, 0x0000000709500000, 0x0000000709600000|  0%| F|  |TAMS 0x0000000709500000, 0x0000000709500000| Untracked 
| 136|0x0000000709600000, 0x0000000709600000, 0x0000000709700000|  0%| F|  |TAMS 0x0000000709600000, 0x0000000709600000| Untracked 
| 137|0x0000000709700000, 0x0000000709700000, 0x0000000709800000|  0%| F|  |TAMS 0x0000000709700000, 0x0000000709700000| Untracked 
| 138|0x0000000709800000, 0x0000000709800000, 0x0000000709900000|  0%| F|  |TAMS 0x0000000709800000, 0x0000000709800000| Untracked 
| 139|0x0000000709900000, 0x0000000709900000, 0x0000000709a00000|  0%| F|  |TAMS 0x0000000709900000, 0x0000000709900000| Untracked 
| 140|0x0000000709a00000, 0x0000000709a00000, 0x0000000709b00000|  0%| F|  |TAMS 0x0000000709a00000, 0x0000000709a00000| Untracked 
| 141|0x0000000709b00000, 0x0000000709b00000, 0x0000000709c00000|  0%| F|  |TAMS 0x0000000709b00000, 0x0000000709b00000| Untracked 
| 142|0x0000000709c00000, 0x0000000709c00000, 0x0000000709d00000|  0%| F|  |TAMS 0x0000000709c00000, 0x0000000709c00000| Untracked 
| 143|0x0000000709d00000, 0x0000000709d00000, 0x0000000709e00000|  0%| F|  |TAMS 0x0000000709d00000, 0x0000000709d00000| Untracked 
| 144|0x0000000709e00000, 0x0000000709e00000, 0x0000000709f00000|  0%| F|  |TAMS 0x0000000709e00000, 0x0000000709e00000| Untracked 
| 145|0x0000000709f00000, 0x0000000709f00000, 0x000000070a000000|  0%| F|  |TAMS 0x0000000709f00000, 0x0000000709f00000| Untracked 
| 146|0x000000070a000000, 0x000000070a000000, 0x000000070a100000|  0%| F|  |TAMS 0x000000070a000000, 0x000000070a000000| Untracked 
| 147|0x000000070a100000, 0x000000070a100000, 0x000000070a200000|  0%| F|  |TAMS 0x000000070a100000, 0x000000070a100000| Untracked 
| 148|0x000000070a200000, 0x000000070a200000, 0x000000070a300000|  0%| F|  |TAMS 0x000000070a200000, 0x000000070a200000| Untracked 
| 149|0x000000070a300000, 0x000000070a300000, 0x000000070a400000|  0%| F|  |TAMS 0x000000070a300000, 0x000000070a300000| Untracked 
| 150|0x000000070a400000, 0x000000070a400000, 0x000000070a500000|  0%| F|  |TAMS 0x000000070a400000, 0x000000070a400000| Untracked 
| 151|0x000000070a500000, 0x000000070a500000, 0x000000070a600000|  0%| F|  |TAMS 0x000000070a500000, 0x000000070a500000| Untracked 
| 152|0x000000070a600000, 0x000000070a600000, 0x000000070a700000|  0%| F|  |TAMS 0x000000070a600000, 0x000000070a600000| Untracked 
| 153|0x000000070a700000, 0x000000070a700000, 0x000000070a800000|  0%| F|  |TAMS 0x000000070a700000, 0x000000070a700000| Untracked 
| 154|0x000000070a800000, 0x000000070a800000, 0x000000070a900000|  0%| F|  |TAMS 0x000000070a800000, 0x000000070a800000| Untracked 
| 155|0x000000070a900000, 0x000000070a900000, 0x000000070aa00000|  0%| F|  |TAMS 0x000000070a900000, 0x000000070a900000| Untracked 
| 156|0x000000070aa00000, 0x000000070aa00000, 0x000000070ab00000|  0%| F|  |TAMS 0x000000070aa00000, 0x000000070aa00000| Untracked 
| 157|0x000000070ab00000, 0x000000070ab00000, 0x000000070ac00000|  0%| F|  |TAMS 0x000000070ab00000, 0x000000070ab00000| Untracked 
| 158|0x000000070ac00000, 0x000000070ac00000, 0x000000070ad00000|  0%| F|  |TAMS 0x000000070ac00000, 0x000000070ac00000| Untracked 
| 159|0x000000070ad00000, 0x000000070ad00000, 0x000000070ae00000|  0%| F|  |TAMS 0x000000070ad00000, 0x000000070ad00000| Untracked 
| 160|0x000000070ae00000, 0x000000070ae00000, 0x000000070af00000|  0%| F|  |TAMS 0x000000070ae00000, 0x000000070ae00000| Untracked 
| 161|0x000000070af00000, 0x000000070af00000, 0x000000070b000000|  0%| F|  |TAMS 0x000000070af00000, 0x000000070af00000| Untracked 
| 162|0x000000070b000000, 0x000000070b000000, 0x000000070b100000|  0%| F|  |TAMS 0x000000070b000000, 0x000000070b000000| Untracked 
| 163|0x000000070b100000, 0x000000070b100000, 0x000000070b200000|  0%| F|  |TAMS 0x000000070b100000, 0x000000070b100000| Untracked 
| 164|0x000000070b200000, 0x000000070b200000, 0x000000070b300000|  0%| F|  |TAMS 0x000000070b200000, 0x000000070b200000| Untracked 
| 165|0x000000070b300000, 0x000000070b300000, 0x000000070b400000|  0%| F|  |TAMS 0x000000070b300000, 0x000000070b300000| Untracked 
| 166|0x000000070b400000, 0x000000070b400000, 0x000000070b500000|  0%| F|  |TAMS 0x000000070b400000, 0x000000070b400000| Untracked 
| 167|0x000000070b500000, 0x000000070b500000, 0x000000070b600000|  0%| F|  |TAMS 0x000000070b500000, 0x000000070b500000| Untracked 
| 168|0x000000070b600000, 0x000000070b600000, 0x000000070b700000|  0%| F|  |TAMS 0x000000070b600000, 0x000000070b600000| Untracked 
| 169|0x000000070b700000, 0x000000070b700000, 0x000000070b800000|  0%| F|  |TAMS 0x000000070b700000, 0x000000070b700000| Untracked 
| 170|0x000000070b800000, 0x000000070b800000, 0x000000070b900000|  0%| F|  |TAMS 0x000000070b800000, 0x000000070b800000| Untracked 
| 171|0x000000070b900000, 0x000000070b900000, 0x000000070ba00000|  0%| F|  |TAMS 0x000000070b900000, 0x000000070b900000| Untracked 
| 172|0x000000070ba00000, 0x000000070ba00000, 0x000000070bb00000|  0%| F|  |TAMS 0x000000070ba00000, 0x000000070ba00000| Untracked 
| 173|0x000000070bb00000, 0x000000070bb00000, 0x000000070bc00000|  0%| F|  |TAMS 0x000000070bb00000, 0x000000070bb00000| Untracked 
| 174|0x000000070bc00000, 0x000000070bc00000, 0x000000070bd00000|  0%| F|  |TAMS 0x000000070bc00000, 0x000000070bc00000| Untracked 
| 175|0x000000070bd00000, 0x000000070bd00000, 0x000000070be00000|  0%| F|  |TAMS 0x000000070bd00000, 0x000000070bd00000| Untracked 
| 176|0x000000070be00000, 0x000000070be00000, 0x000000070bf00000|  0%| F|  |TAMS 0x000000070be00000, 0x000000070be00000| Untracked 
| 177|0x000000070bf00000, 0x000000070bf00000, 0x000000070c000000|  0%| F|  |TAMS 0x000000070bf00000, 0x000000070bf00000| Untracked 
| 178|0x000000070c000000, 0x000000070c000000, 0x000000070c100000|  0%| F|  |TAMS 0x000000070c000000, 0x000000070c000000| Untracked 
| 179|0x000000070c100000, 0x000000070c100000, 0x000000070c200000|  0%| F|  |TAMS 0x000000070c100000, 0x000000070c100000| Untracked 
| 180|0x000000070c200000, 0x000000070c200000, 0x000000070c300000|  0%| F|  |TAMS 0x000000070c200000, 0x000000070c200000| Untracked 
| 181|0x000000070c300000, 0x000000070c300000, 0x000000070c400000|  0%| F|  |TAMS 0x000000070c300000, 0x000000070c300000| Untracked 
| 182|0x000000070c400000, 0x000000070c400000, 0x000000070c500000|  0%| F|  |TAMS 0x000000070c400000, 0x000000070c400000| Untracked 
| 183|0x000000070c500000, 0x000000070c500000, 0x000000070c600000|  0%| F|  |TAMS 0x000000070c500000, 0x000000070c500000| Untracked 
| 184|0x000000070c600000, 0x000000070c600000, 0x000000070c700000|  0%| F|  |TAMS 0x000000070c600000, 0x000000070c600000| Untracked 
| 185|0x000000070c700000, 0x000000070c700000, 0x000000070c800000|  0%| F|  |TAMS 0x000000070c700000, 0x000000070c700000| Untracked 
| 186|0x000000070c800000, 0x000000070c800000, 0x000000070c900000|  0%| F|  |TAMS 0x000000070c800000, 0x000000070c800000| Untracked 
| 187|0x000000070c900000, 0x000000070c900000, 0x000000070ca00000|  0%| F|  |TAMS 0x000000070c900000, 0x000000070c900000| Untracked 
| 188|0x000000070ca00000, 0x000000070ca00000, 0x000000070cb00000|  0%| F|  |TAMS 0x000000070ca00000, 0x000000070ca00000| Untracked 
| 189|0x000000070cb00000, 0x000000070cb00000, 0x000000070cc00000|  0%| F|  |TAMS 0x000000070cb00000, 0x000000070cb00000| Untracked 
| 190|0x000000070cc00000, 0x000000070cc00000, 0x000000070cd00000|  0%| F|  |TAMS 0x000000070cc00000, 0x000000070cc00000| Untracked 
| 191|0x000000070cd00000, 0x000000070cd00000, 0x000000070ce00000|  0%| F|  |TAMS 0x000000070cd00000, 0x000000070cd00000| Untracked 
| 192|0x000000070ce00000, 0x000000070ce00000, 0x000000070cf00000|  0%| F|  |TAMS 0x000000070ce00000, 0x000000070ce00000| Untracked 
| 193|0x000000070cf00000, 0x000000070cf00000, 0x000000070d000000|  0%| F|  |TAMS 0x000000070cf00000, 0x000000070cf00000| Untracked 
| 194|0x000000070d000000, 0x000000070d000000, 0x000000070d100000|  0%| F|  |TAMS 0x000000070d000000, 0x000000070d000000| Untracked 
| 195|0x000000070d100000, 0x000000070d100000, 0x000000070d200000|  0%| F|  |TAMS 0x000000070d100000, 0x000000070d100000| Untracked 
| 196|0x000000070d200000, 0x000000070d200000, 0x000000070d300000|  0%| F|  |TAMS 0x000000070d200000, 0x000000070d200000| Untracked 
| 197|0x000000070d300000, 0x000000070d300000, 0x000000070d400000|  0%| F|  |TAMS 0x000000070d300000, 0x000000070d300000| Untracked 
| 198|0x000000070d400000, 0x000000070d400000, 0x000000070d500000|  0%| F|  |TAMS 0x000000070d400000, 0x000000070d400000| Untracked 
| 199|0x000000070d500000, 0x000000070d500000, 0x000000070d600000|  0%| F|  |TAMS 0x000000070d500000, 0x000000070d500000| Untracked 
| 200|0x000000070d600000, 0x000000070d600000, 0x000000070d700000|  0%| F|  |TAMS 0x000000070d600000, 0x000000070d600000| Untracked 
| 201|0x000000070d700000, 0x000000070d700000, 0x000000070d800000|  0%| F|  |TAMS 0x000000070d700000, 0x000000070d700000| Untracked 
| 202|0x000000070d800000, 0x000000070d800000, 0x000000070d900000|  0%| F|  |TAMS 0x000000070d800000, 0x000000070d800000| Untracked 
| 203|0x000000070d900000, 0x000000070d900000, 0x000000070da00000|  0%| F|  |TAMS 0x000000070d900000, 0x000000070d900000| Untracked 
| 204|0x000000070da00000, 0x000000070da00000, 0x000000070db00000|  0%| F|  |TAMS 0x000000070da00000, 0x000000070da00000| Untracked 
| 205|0x000000070db00000, 0x000000070db00000, 0x000000070dc00000|  0%| F|  |TAMS 0x000000070db00000, 0x000000070db00000| Untracked 
| 206|0x000000070dc00000, 0x000000070dc00000, 0x000000070dd00000|  0%| F|  |TAMS 0x000000070dc00000, 0x000000070dc00000| Untracked 
| 207|0x000000070dd00000, 0x000000070dd00000, 0x000000070de00000|  0%| F|  |TAMS 0x000000070dd00000, 0x000000070dd00000| Untracked 
| 208|0x000000070de00000, 0x000000070de00000, 0x000000070df00000|  0%| F|  |TAMS 0x000000070de00000, 0x000000070de00000| Untracked 
| 209|0x000000070df00000, 0x000000070df00000, 0x000000070e000000|  0%| F|  |TAMS 0x000000070df00000, 0x000000070df00000| Untracked 
| 210|0x000000070e000000, 0x000000070e000000, 0x000000070e100000|  0%| F|  |TAMS 0x000000070e000000, 0x000000070e000000| Untracked 
| 211|0x000000070e100000, 0x000000070e100000, 0x000000070e200000|  0%| F|  |TAMS 0x000000070e100000, 0x000000070e100000| Untracked 
| 212|0x000000070e200000, 0x000000070e200000, 0x000000070e300000|  0%| F|  |TAMS 0x000000070e200000, 0x000000070e200000| Untracked 
| 213|0x000000070e300000, 0x000000070e300000, 0x000000070e400000|  0%| F|  |TAMS 0x000000070e300000, 0x000000070e300000| Untracked 
| 214|0x000000070e400000, 0x000000070e400000, 0x000000070e500000|  0%| F|  |TAMS 0x000000070e400000, 0x000000070e400000| Untracked 
| 215|0x000000070e500000, 0x000000070e500000, 0x000000070e600000|  0%| F|  |TAMS 0x000000070e500000, 0x000000070e500000| Untracked 
| 216|0x000000070e600000, 0x000000070e600000, 0x000000070e700000|  0%| F|  |TAMS 0x000000070e600000, 0x000000070e600000| Untracked 
| 217|0x000000070e700000, 0x000000070e700000, 0x000000070e800000|  0%| F|  |TAMS 0x000000070e700000, 0x000000070e700000| Untracked 
| 218|0x000000070e800000, 0x000000070e800000, 0x000000070e900000|  0%| F|  |TAMS 0x000000070e800000, 0x000000070e800000| Untracked 
| 219|0x000000070e900000, 0x000000070e900000, 0x000000070ea00000|  0%| F|  |TAMS 0x000000070e900000, 0x000000070e900000| Untracked 
| 220|0x000000070ea00000, 0x000000070ea00000, 0x000000070eb00000|  0%| F|  |TAMS 0x000000070ea00000, 0x000000070ea00000| Untracked 
| 221|0x000000070eb00000, 0x000000070eb00000, 0x000000070ec00000|  0%| F|  |TAMS 0x000000070eb00000, 0x000000070eb00000| Untracked 
| 222|0x000000070ec00000, 0x000000070ec00000, 0x000000070ed00000|  0%| F|  |TAMS 0x000000070ec00000, 0x000000070ec00000| Untracked 
| 223|0x000000070ed00000, 0x000000070ed00000, 0x000000070ee00000|  0%| F|  |TAMS 0x000000070ed00000, 0x000000070ed00000| Untracked 
| 224|0x000000070ee00000, 0x000000070ee00000, 0x000000070ef00000|  0%| F|  |TAMS 0x000000070ee00000, 0x000000070ee00000| Untracked 
| 225|0x000000070ef00000, 0x000000070ef00000, 0x000000070f000000|  0%| F|  |TAMS 0x000000070ef00000, 0x000000070ef00000| Untracked 
| 226|0x000000070f000000, 0x000000070f000000, 0x000000070f100000|  0%| F|  |TAMS 0x000000070f000000, 0x000000070f000000| Untracked 
| 227|0x000000070f100000, 0x000000070f100000, 0x000000070f200000|  0%| F|  |TAMS 0x000000070f100000, 0x000000070f100000| Untracked 
| 228|0x000000070f200000, 0x000000070f200000, 0x000000070f300000|  0%| F|  |TAMS 0x000000070f200000, 0x000000070f200000| Untracked 
| 229|0x000000070f300000, 0x000000070f300000, 0x000000070f400000|  0%| F|  |TAMS 0x000000070f300000, 0x000000070f300000| Untracked 
| 230|0x000000070f400000, 0x000000070f400000, 0x000000070f500000|  0%| F|  |TAMS 0x000000070f400000, 0x000000070f400000| Untracked 
| 231|0x000000070f500000, 0x000000070f500000, 0x000000070f600000|  0%| F|  |TAMS 0x000000070f500000, 0x000000070f500000| Untracked 
| 232|0x000000070f600000, 0x000000070f600000, 0x000000070f700000|  0%| F|  |TAMS 0x000000070f600000, 0x000000070f600000| Untracked 
| 233|0x000000070f700000, 0x000000070f700000, 0x000000070f800000|  0%| F|  |TAMS 0x000000070f700000, 0x000000070f700000| Untracked 
| 234|0x000000070f800000, 0x000000070f800000, 0x000000070f900000|  0%| F|  |TAMS 0x000000070f800000, 0x000000070f800000| Untracked 
| 235|0x000000070f900000, 0x000000070f900000, 0x000000070fa00000|  0%| F|  |TAMS 0x000000070f900000, 0x000000070f900000| Untracked 
| 236|0x000000070fa00000, 0x000000070fa00000, 0x000000070fb00000|  0%| F|  |TAMS 0x000000070fa00000, 0x000000070fa00000| Untracked 
| 237|0x000000070fb00000, 0x000000070fb7b628, 0x000000070fc00000| 48%| E|  |TAMS 0x000000070fb00000, 0x000000070fb00000| Complete 
| 238|0x000000070fc00000, 0x000000070fd00000, 0x000000070fd00000|100%| E|CS|TAMS 0x000000070fc00000, 0x000000070fc00000| Complete 
| 239|0x000000070fd00000, 0x000000070fe00000, 0x000000070fe00000|100%| E|CS|TAMS 0x000000070fd00000, 0x000000070fd00000| Complete 
| 240|0x000000070fe00000, 0x000000070ff00000, 0x000000070ff00000|100%| E|CS|TAMS 0x000000070fe00000, 0x000000070fe00000| Complete 
| 241|0x000000070ff00000, 0x0000000710000000, 0x0000000710000000|100%| E|CS|TAMS 0x000000070ff00000, 0x000000070ff00000| Complete 
| 242|0x0000000710000000, 0x0000000710100000, 0x0000000710100000|100%| E|CS|TAMS 0x0000000710000000, 0x0000000710000000| Complete 
| 243|0x0000000710100000, 0x0000000710200000, 0x0000000710200000|100%| E|CS|TAMS 0x0000000710100000, 0x0000000710100000| Complete 
| 244|0x0000000710200000, 0x0000000710300000, 0x0000000710300000|100%| E|CS|TAMS 0x0000000710200000, 0x0000000710200000| Complete 
| 245|0x0000000710300000, 0x0000000710400000, 0x0000000710400000|100%| E|  |TAMS 0x0000000710300000, 0x0000000710300000| Complete 
| 246|0x0000000710400000, 0x0000000710500000, 0x0000000710500000|100%| E|CS|TAMS 0x0000000710400000, 0x0000000710400000| Complete 
| 247|0x0000000710500000, 0x0000000710600000, 0x0000000710600000|100%| E|CS|TAMS 0x0000000710500000, 0x0000000710500000| Complete 
| 248|0x0000000710600000, 0x0000000710700000, 0x0000000710700000|100%| E|CS|TAMS 0x0000000710600000, 0x0000000710600000| Complete 
| 249|0x0000000710700000, 0x0000000710800000, 0x0000000710800000|100%| E|CS|TAMS 0x0000000710700000, 0x0000000710700000| Complete 
| 250|0x0000000710800000, 0x0000000710900000, 0x0000000710900000|100%| E|CS|TAMS 0x0000000710800000, 0x0000000710800000| Complete 
| 251|0x0000000710900000, 0x0000000710a00000, 0x0000000710a00000|100%| E|CS|TAMS 0x0000000710900000, 0x0000000710900000| Complete 
| 252|0x0000000710a00000, 0x0000000710b00000, 0x0000000710b00000|100%| E|CS|TAMS 0x0000000710a00000, 0x0000000710a00000| Complete 
| 253|0x0000000710b00000, 0x0000000710c00000, 0x0000000710c00000|100%| E|CS|TAMS 0x0000000710b00000, 0x0000000710b00000| Complete 
| 254|0x0000000710c00000, 0x0000000710d00000, 0x0000000710d00000|100%| E|CS|TAMS 0x0000000710c00000, 0x0000000710c00000| Complete 
| 255|0x0000000710d00000, 0x0000000710e00000, 0x0000000710e00000|100%| E|CS|TAMS 0x0000000710d00000, 0x0000000710d00000| Complete 

Card table byte_map: [0x0000021edb030000,0x0000021edb830000] _byte_map_base: 0x0000021ed7829000

Marking Bits (Prev, Next): (CMBitMap*) 0x0000021ec25cca78, (CMBitMap*) 0x0000021ec25ccab8
 Prev Bits: [0x0000021edc030000, 0x0000021edfff8000)
 Next Bits: [0x0000021ee0000000, 0x0000021ee3fc8000)

Polling page: 0x0000021ec0d40000

Metaspace:

Usage:
  Non-class:      7.91 MB capacity,     5.25 MB ( 66%) used,     2.65 MB ( 34%) free+waste,     9.44 KB ( <1%) overhead. 
      Class:    610.00 KB capacity,   293.09 KB ( 48%) used,   312.78 KB ( 51%) free+waste,     4.13 KB ( <1%) overhead. 
       Both:      8.50 MB capacity,     5.53 MB ( 65%) used,     2.96 MB ( 35%) free+waste,    13.56 KB ( <1%) overhead. 

Virtual space:
  Non-class space:        8.00 MB reserved,       8.00 MB (100%) committed 
      Class space:        1.00 GB reserved,     640.00 KB ( <1%) committed 
             Both:        1.01 GB reserved,       8.63 MB ( <1%) committed 

Chunk freelists:
   Non-Class:  94.00 KB
       Class:  0 bytes
        Both:  94.00 KB

MaxMetaspaceSize: 17179869184.00 GB
CompressedClassSpaceSize: 1.00 GB

CodeHeap 'non-profiled nmethods': size=120000Kb used=266Kb max_used=266Kb free=119733Kb
 bounds [0x0000021ed2540000, 0x0000021ed27b0000, 0x0000021ed9a70000]
CodeHeap 'profiled nmethods': size=120000Kb used=1420Kb max_used=1420Kb free=118579Kb
 bounds [0x0000021ecb010000, 0x0000021ecb280000, 0x0000021ed2540000]
CodeHeap 'non-nmethods': size=5760Kb used=1569Kb max_used=1583Kb free=4190Kb
 bounds [0x0000021ecaa70000, 0x0000021ecace0000, 0x0000021ecb010000]
 total_blobs=2182 nmethods=784 adapters=853
 compilation: enabled
              stopped_count=0, restarted_count=0
 full_count=0

Compilation events (20 events):
Event: 0.946 Thread 0x0000021ee7609000 nmethod 746 0x0000021ecb164d90 code [0x0000021ecb164f40, 0x0000021ecb165118]
Event: 0.946 Thread 0x0000021ee7609000  752       3       java.lang.invoke.MemberName::isResolved (13 bytes)
Event: 0.946 Thread 0x0000021ee7609000 nmethod 752 0x0000021ecb165190 code [0x0000021ecb165340, 0x0000021ecb165518]
Event: 0.947 Thread 0x0000021ee7609000  755       3       java.lang.invoke.MethodTypeForm::canonicalize (64 bytes)
Event: 0.947 Thread 0x0000021ee7609000 nmethod 755 0x0000021ecb165590 code [0x0000021ecb165760, 0x0000021ecb165ad0]
Event: 0.947 Thread 0x0000021ee7609000  758       3       sun.invoke.util.Wrapper::isDoubleWord (15 bytes)
Event: 0.947 Thread 0x0000021ee7609000 nmethod 758 0x0000021ecb165c10 code [0x0000021ecb165dc0, 0x0000021ecb165f98]
Event: 0.947 Thread 0x0000021ee7609000  756       3       java.lang.invoke.MethodType$ConcurrentWeakInternSet::add (66 bytes)
Event: 0.948 Thread 0x0000021ee7609000 nmethod 756 0x0000021ecb166010 code [0x0000021ecb1662a0, 0x0000021ecb1672b0]
Event: 0.948 Thread 0x0000021ee7609000  764       3       java.lang.invoke.LambdaForm::internArgument (85 bytes)
Event: 0.948 Thread 0x0000021ee7609000 nmethod 764 0x0000021ecb167790 code [0x0000021ecb167980, 0x0000021ecb167db0]
Event: 0.948 Thread 0x0000021ee7609000  765       3       java.lang.invoke.LambdaForm::parameter (52 bytes)
Event: 0.948 Thread 0x0000021ee7609000 nmethod 765 0x0000021ecb167f90 code [0x0000021ecb168140, 0x0000021ecb168318]
Event: 0.948 Thread 0x0000021ee7609000  766       3       java.lang.invoke.MethodType::parameterSlotCount (8 bytes)
Event: 0.948 Thread 0x0000021ee7609000 nmethod 766 0x0000021ecb168410 code [0x0000021ecb1685c0, 0x0000021ecb168838]
Event: 0.948 Thread 0x0000021ee7609000  767       3       jdk.internal.org.objectweb.asm.Handler::getExceptionTableLength (21 bytes)
Event: 0.948 Thread 0x0000021ee7609000 nmethod 767 0x0000021ecb168910 code [0x0000021ecb168ac0, 0x0000021ecb168cb8]
Event: 0.949 Thread 0x0000021ee7609000  770       3       jdk.internal.org.objectweb.asm.Frame::execute (2305 bytes)
Event: 0.951 Thread 0x0000021ee9c44000  782       4       java.lang.StringBuilder::append (8 bytes)
Event: 0.951 Thread 0x0000021ee7608000  784       4       jdk.internal.org.objectweb.asm.ByteVector::putUTF8 (144 bytes)

GC Heap History (0 events):
No events

Deoptimization events (20 events):
Event: 0.056 Thread 0x0000021ec255c000 Uncommon trap: trap_request=0xffffff45 fr.pc=0x0000021ed2544f34 relative=0x0000000000000214
Event: 0.056 Thread 0x0000021ec255c000 Uncommon trap: reason=unstable_if action=reinterpret pc=0x0000021ed2544f34 method=java.lang.String.hashCode()I @ 13 c2
Event: 0.056 Thread 0x0000021ec255c000 DEOPT PACKING pc=0x0000021ed2544f34 sp=0x000000aba5cfe3d0
Event: 0.056 Thread 0x0000021ec255c000 DEOPT UNPACKING pc=0x0000021ecaab912f sp=0x000000aba5cfe360 mode 2
Event: 0.098 Thread 0x0000021ec255c000 DEOPT PACKING pc=0x0000021ecb0485f4 sp=0x000000aba5cfd190
Event: 0.098 Thread 0x0000021ec255c000 DEOPT UNPACKING pc=0x0000021ecaab964e sp=0x000000aba5cfc5e8 mode 0
Event: 0.100 Thread 0x0000021ec255c000 DEOPT PACKING pc=0x0000021ecb04e8b2 sp=0x000000aba5cf9170
Event: 0.100 Thread 0x0000021ec255c000 DEOPT UNPACKING pc=0x0000021ecaab964e sp=0x000000aba5cf85d8 mode 0
Event: 0.134 Thread 0x0000021ec255c000 Uncommon trap: trap_request=0xffffff45 fr.pc=0x0000021ed2559b10 relative=0x0000000000000070
Event: 0.134 Thread 0x0000021ec255c000 Uncommon trap: reason=unstable_if action=reinterpret pc=0x0000021ed2559b10 method=java.io.WinNTFileSystem.isSlash(C)Z @ 9 c2
Event: 0.134 Thread 0x0000021ec255c000 DEOPT PACKING pc=0x0000021ed2559b10 sp=0x000000aba5cfaa40
Event: 0.134 Thread 0x0000021ec255c000 DEOPT UNPACKING pc=0x0000021ecaab912f sp=0x000000aba5cfa9c8 mode 2
Event: 0.167 Thread 0x0000021ec255c000 Uncommon trap: trap_request=0xffffff45 fr.pc=0x0000021ed2547d64 relative=0x0000000000000044
Event: 0.167 Thread 0x0000021ec255c000 Uncommon trap: reason=unstable_if action=reinterpret pc=0x0000021ed2547d64 method=java.lang.CharacterData.of(I)Ljava/lang/CharacterData; @ 4 c2
Event: 0.167 Thread 0x0000021ec255c000 DEOPT PACKING pc=0x0000021ed2547d64 sp=0x000000aba5cfb3b0
Event: 0.167 Thread 0x0000021ec255c000 DEOPT UNPACKING pc=0x0000021ecaab912f sp=0x000000aba5cfb350 mode 2
Event: 0.820 Thread 0x0000021ec255c000 Uncommon trap: trap_request=0xffffff54 fr.pc=0x0000021ed256be90 relative=0x0000000000000070
Event: 0.820 Thread 0x0000021ec255c000 Uncommon trap: reason=speculate_null_assert action=make_not_entrant pc=0x0000021ed256be90 method=sun.misc.Unsafe.putLong(Ljava/lang/Object;JJ)V @ 7 c2
Event: 0.820 Thread 0x0000021ec255c000 DEOPT PACKING pc=0x0000021ed256be90 sp=0x000000aba5cff180
Event: 0.820 Thread 0x0000021ec255c000 DEOPT UNPACKING pc=0x0000021ecaab912f sp=0x000000aba5cff0f8 mode 2

Classes unloaded (0 events):
No events

Classes redefined (0 events):
No events

Internal exceptions (10 events):
Event: 0.117 Thread 0x0000021ec255c000 Exception <a 'java/lang/NoSuchMethodError'{0x0000000710a6d1b8}: 'void java.lang.invoke.DelegatingMethodHandle$Holder.delegate(java.lang.Object, java.lang.Object, int, java.lang.Object)'> (0x0000000710a6d1b8) 
thrown [t:/workspace/open/src/hotspot/share/interpreter/linkResolver.cpp, line 767]
Event: 0.118 Thread 0x0000021ec255c000 Exception <a 'java/lang/NoSuchMethodError'{0x0000000710a73f10}: 'java.lang.Object java.lang.invoke.DirectMethodHandle$Holder.invokeStaticInit(java.lang.Object, java.lang.Object, java.lang.Object)'> (0x0000000710a73f10) 
thrown [t:/workspace/open/src/hotspot/share/interpreter/linkResolver.cpp, line 767]
Event: 0.154 Thread 0x0000021ec255c000 Exception <a 'sun/nio/fs/WindowsException'{0x0000000710943b78}> (0x0000000710943b78) 
thrown [t:/workspace/open/src/hotspot/share/prims/jni.cpp, line 598]
Event: 0.155 Thread 0x0000021ec255c000 Exception <a 'sun/nio/fs/WindowsException'{0x00000007109440d0}> (0x00000007109440d0) 
thrown [t:/workspace/open/src/hotspot/share/prims/jni.cpp, line 598]
Event: 0.192 Thread 0x0000021ec255c000 Exception <a 'sun/nio/fs/WindowsException'{0x00000007108e8338}> (0x00000007108e8338) 
thrown [t:/workspace/open/src/hotspot/share/prims/jni.cpp, line 598]
Event: 0.193 Thread 0x0000021ec255c000 Exception <a 'sun/nio/fs/WindowsException'{0x00000007108e86a8}> (0x00000007108e86a8) 
thrown [t:/workspace/open/src/hotspot/share/prims/jni.cpp, line 598]
Event: 0.783 Thread 0x0000021ec255c000 Exception <a 'sun/nio/fs/WindowsException'{0x00000007107e6c30}> (0x00000007107e6c30) 
thrown [t:/workspace/open/src/hotspot/share/prims/jni.cpp, line 598]
Event: 0.784 Thread 0x0000021ec255c000 Exception <a 'sun/nio/fs/WindowsException'{0x00000007107e6fe0}> (0x00000007107e6fe0) 
thrown [t:/workspace/open/src/hotspot/share/prims/jni.cpp, line 598]
Event: 0.787 Thread 0x0000021ec255c000 Exception <a 'sun/nio/fs/WindowsException'{0x00000007106022f0}> (0x00000007106022f0) 
thrown [t:/workspace/open/src/hotspot/share/prims/jni.cpp, line 598]
Event: 0.787 Thread 0x0000021ec255c000 Exception <a 'sun/nio/fs/WindowsException'{0x00000007106025d8}> (0x00000007106025d8) 
thrown [t:/workspace/open/src/hotspot/share/prims/jni.cpp, line 598]

Events (20 events):
Event: 0.942 loading class QuadShader
Event: 0.942 loading class QuadShader done
Event: 0.943 loading class ShaderProgram
Event: 0.943 loading class ShaderProgram done
Event: 0.944 loading class java/lang/AssertionError
Event: 0.944 loading class java/lang/AssertionError done
Event: 0.945 loading class sun/net/ProgressMonitor
Event: 0.945 loading class sun/net/ProgressMonitor done
Event: 0.945 loading class sun/net/DefaultProgressMeteringPolicy
Event: 0.945 loading class sun/net/ProgressMeteringPolicy
Event: 0.945 loading class sun/net/ProgressMeteringPolicy done
Event: 0.945 loading class sun/net/DefaultProgressMeteringPolicy done
Event: 0.948 loading class java/lang/invoke/BoundMethodHandle$Species_LLL
Event: 0.948 loading class java/lang/invoke/BoundMethodHandle$Species_LLL done
Event: 0.949 loading class java/lang/invoke/BoundMethodHandle$Species_LJ
Event: 0.949 loading class java/lang/invoke/BoundMethodHandle$Species_LJ done
Event: 0.950 loading class java/lang/invoke/BoundMethodHandle$Species_LLLL
Event: 0.950 loading class java/lang/invoke/BoundMethodHandle$Species_LLLL done
Event: 0.951 loading class java/lang/invoke/BoundMethodHandle$Species_LLLLL
Event: 0.951 loading class java/lang/invoke/BoundMethodHandle$Species_LLLLL done


Dynamic libraries:
0x00007ff7f8090000 - 0x00007ff7f809f000 	C:\Program Files\Java\jdk-13.0.1\bin\java.exe
0x00007ffa7f5d0000 - 0x00007ffa7f7c5000 	C:\WINDOWS\SYSTEM32\ntdll.dll
0x00007ffa7ece0000 - 0x00007ffa7ed9d000 	C:\WINDOWS\System32\KERNEL32.DLL
0x00007ffa7d360000 - 0x00007ffa7d629000 	C:\WINDOWS\System32\KERNELBASE.dll
0x00007ffa7cf10000 - 0x00007ffa7d010000 	C:\WINDOWS\System32\ucrtbase.dll
0x00007ffa6f330000 - 0x00007ffa6f348000 	C:\Program Files\Java\jdk-13.0.1\bin\jli.dll
0x00007ffa6eee0000 - 0x00007ffa6eef5000 	C:\Program Files\Java\jdk-13.0.1\bin\VCRUNTIME140.dll
0x00007ffa7dbe0000 - 0x00007ffa7dc8c000 	C:\WINDOWS\System32\ADVAPI32.dll
0x00007ffa7e4d0000 - 0x00007ffa7e56e000 	C:\WINDOWS\System32\msvcrt.dll
0x00007ffa7ef90000 - 0x00007ffa7f02c000 	C:\WINDOWS\System32\sechost.dll
0x00007ffa7eda0000 - 0x00007ffa7eecb000 	C:\WINDOWS\System32\RPCRT4.dll
0x00007ffa7e750000 - 0x00007ffa7e8f0000 	C:\WINDOWS\System32\USER32.dll
0x00007ffa7d330000 - 0x00007ffa7d352000 	C:\WINDOWS\System32\win32u.dll
0x00007ffa68420000 - 0x00007ffa686ba000 	C:\WINDOWS\WinSxS\amd64_microsoft.windows.common-controls_6595b64144ccf1df_6.0.19041.844_none_ca00b6081b84eb1d\COMCTL32.dll
0x00007ffa7e910000 - 0x00007ffa7e93a000 	C:\WINDOWS\System32\GDI32.dll
0x00007ffa7d220000 - 0x00007ffa7d32b000 	C:\WINDOWS\System32\gdi32full.dll
0x00007ffa7ce10000 - 0x00007ffa7cead000 	C:\WINDOWS\System32\msvcp_win.dll
0x00007ffa734e0000 - 0x00007ffa734ea000 	C:\WINDOWS\SYSTEM32\VERSION.dll
0x00007ffa7e570000 - 0x00007ffa7e5a0000 	C:\WINDOWS\System32\IMM32.DLL
0x00007ffa410a0000 - 0x00007ffa4113b000 	C:\Program Files\Java\jdk-13.0.1\bin\msvcp140.dll
0x00007ffa0ec80000 - 0x00007ffa0f7e6000 	C:\Program Files\Java\jdk-13.0.1\bin\server\jvm.dll
0x00007ffa7dbd0000 - 0x00007ffa7dbd8000 	C:\WINDOWS\System32\PSAPI.DLL
0x00007ffa66c50000 - 0x00007ffa66c59000 	C:\WINDOWS\SYSTEM32\WSOCK32.dll
0x00007ffa72860000 - 0x00007ffa72887000 	C:\WINDOWS\SYSTEM32\WINMM.dll
0x00007ffa7eae0000 - 0x00007ffa7eb4b000 	C:\WINDOWS\System32\WS2_32.dll
0x00007ffa7ac50000 - 0x00007ffa7ac62000 	C:\WINDOWS\SYSTEM32\kernel.appcore.dll
0x00007ffa78a40000 - 0x00007ffa78a50000 	C:\Program Files\Java\jdk-13.0.1\bin\verify.dll
0x00007ffa75920000 - 0x00007ffa75b04000 	C:\WINDOWS\SYSTEM32\DBGHELP.DLL
0x00007ffa68ea0000 - 0x00007ffa68ecc000 	C:\WINDOWS\SYSTEM32\dbgcore.DLL
0x00007ffa7d040000 - 0x00007ffa7d0c0000 	C:\WINDOWS\System32\bcryptPrimitives.dll
0x00007ffa6eeb0000 - 0x00007ffa6eed6000 	C:\Program Files\Java\jdk-13.0.1\bin\java.dll
0x00007ffa6dea0000 - 0x00007ffa6deb7000 	C:\Program Files\Java\jdk-13.0.1\bin\zip.dll
0x00007ffa751a0000 - 0x00007ffa751aa000 	C:\Program Files\Java\jdk-13.0.1\bin\jimage.dll
0x00007ffa7dc90000 - 0x00007ffa7e3d2000 	C:\WINDOWS\System32\SHELL32.dll
0x00007ffa7ae50000 - 0x00007ffa7b5e0000 	C:\WINDOWS\SYSTEM32\windows.storage.dll
0x00007ffa7f110000 - 0x00007ffa7f465000 	C:\WINDOWS\System32\combase.dll
0x00007ffa7c6b0000 - 0x00007ffa7c6dc000 	C:\WINDOWS\SYSTEM32\Wldp.dll
0x00007ffa7eed0000 - 0x00007ffa7ef7e000 	C:\WINDOWS\System32\SHCORE.dll
0x00007ffa7ea80000 - 0x00007ffa7ead5000 	C:\WINDOWS\System32\shlwapi.dll
0x00007ffa7cc50000 - 0x00007ffa7cc6f000 	C:\WINDOWS\SYSTEM32\profapi.dll
0x00007ffa6de80000 - 0x00007ffa6de99000 	C:\Program Files\Java\jdk-13.0.1\bin\net.dll
0x00007ffa78660000 - 0x00007ffa7876c000 	C:\WINDOWS\SYSTEM32\WINHTTP.dll
0x00007ffa7c430000 - 0x00007ffa7c49a000 	C:\WINDOWS\system32\mswsock.dll
0x00007ffa6de60000 - 0x00007ffa6de73000 	C:\Program Files\Java\jdk-13.0.1\bin\nio.dll
0x00007ffa3d570000 - 0x00007ffa3d5d4000 	C:\Users\BMBir\AppData\Local\Temp\lwjglBMBir\3.2.3-build-13\lwjgl.dll
0x00007ffa3d500000 - 0x00007ffa3d562000 	C:\Users\BMBir\AppData\Local\Temp\lwjglBMBir\3.2.3-build-13\glfw.dll
0x00007ffa7a790000 - 0x00007ffa7a82e000 	C:\WINDOWS\system32\uxtheme.dll
0x00007ffa3ce50000 - 0x00007ffa3ce95000 	C:\WINDOWS\SYSTEM32\dinput8.dll
0x00007ffa55800000 - 0x00007ffa55811000 	C:\WINDOWS\SYSTEM32\xinput1_4.dll
0x00007ffa7cd10000 - 0x00007ffa7cd5e000 	C:\WINDOWS\System32\cfgmgr32.dll
0x00007ffa7cac0000 - 0x00007ffa7caec000 	C:\WINDOWS\SYSTEM32\DEVOBJ.dll
0x00007ffa7a960000 - 0x00007ffa7a98f000 	C:\WINDOWS\SYSTEM32\dwmapi.dll
0x00007ffa72050000 - 0x00007ffa721a2000 	C:\WINDOWS\SYSTEM32\inputhost.dll
0x00007ffa7e9b0000 - 0x00007ffa7ea7d000 	C:\WINDOWS\System32\OLEAUT32.dll
0x00007ffa7a390000 - 0x00007ffa7a482000 	C:\WINDOWS\SYSTEM32\CoreMessaging.dll
0x00007ffa79960000 - 0x00007ffa79ab4000 	C:\WINDOWS\SYSTEM32\wintypes.dll
0x00007ffa776f0000 - 0x00007ffa777e7000 	C:\WINDOWS\SYSTEM32\PROPSYS.dll
0x00007ffa7a030000 - 0x00007ffa7a38e000 	C:\WINDOWS\SYSTEM32\CoreUIComponents.dll
0x00007ffa7ba20000 - 0x00007ffa7ba53000 	C:\WINDOWS\SYSTEM32\ntmarta.dll
0x00007ffa7f470000 - 0x00007ffa7f585000 	C:\WINDOWS\System32\MSCTF.dll
0x00007ffa7b5e0000 - 0x00007ffa7b5ed000 	C:\WINDOWS\SYSTEM32\HID.DLL
0x00007ffa7d630000 - 0x00007ffa7da99000 	C:\WINDOWS\System32\SETUPAPI.DLL
0x00007ffa7d010000 - 0x00007ffa7d037000 	C:\WINDOWS\System32\bcrypt.dll
0x00007ffa7ceb0000 - 0x00007ffa7cf10000 	C:\WINDOWS\System32\WINTRUST.dll
0x00007ffa7d0c0000 - 0x00007ffa7d21f000 	C:\WINDOWS\System32\CRYPT32.dll
0x00007ffa7c900000 - 0x00007ffa7c912000 	C:\WINDOWS\SYSTEM32\MSASN1.dll
0x00007ffa4cb00000 - 0x00007ffa4cc26000 	C:\WINDOWS\SYSTEM32\opengl32.dll
0x00007ffa4e0a0000 - 0x00007ffa4e0cc000 	C:\WINDOWS\SYSTEM32\GLU32.dll
0x00007ffa7ebd0000 - 0x00007ffa7ec79000 	C:\WINDOWS\System32\clbcatq.dll
0x00007ffa4dc10000 - 0x00007ffa4dc3b000 	C:\WINDOWS\System32\DriverStore\FileRepository\c0364033.inf_amd64_6708aefda51896c8\B363860\atig6pxx.dll
0x00007ffa25500000 - 0x00007ffa282db000 	C:\WINDOWS\System32\DriverStore\FileRepository\c0364033.inf_amd64_6708aefda51896c8\B363860\atio6axx.dll
0x00007ffa7daa0000 - 0x00007ffa7dbca000 	C:\WINDOWS\System32\ole32.dll
0x00007ffa63a30000 - 0x00007ffa63a54000 	C:\WINDOWS\SYSTEM32\dxva2.dll
0x00007ffa4ce90000 - 0x00007ffa4cecc000 	C:\WINDOWS\System32\DriverStore\FileRepository\c0364033.inf_amd64_6708aefda51896c8\B363860\atig6txx.dll
0x00007ffa3c630000 - 0x00007ffa3c7ef000 	C:\WINDOWS\SYSTEM32\atiadlxx.dll
0x00007ffa66cd0000 - 0x00007ffa66d19000 	C:\WINDOWS\SYSTEM32\pdh.dll
0x00007ffa728b0000 - 0x00007ffa728eb000 	C:\WINDOWS\SYSTEM32\dxcore.dll
0x00007ffa722b0000 - 0x00007ffa723ab000 	C:\WINDOWS\SYSTEM32\textinputframework.dll
0x00007ffa3cdf0000 - 0x00007ffa3ce49000 	C:\Users\BMBir\AppData\Local\Temp\lwjglBMBir\3.2.3-build-13\lwjgl_opengl.dll

dbghelp: loaded successfully - version: 4.0.5 - missing functions: none
symbol engine: initialized successfully - sym options: 0x614 - pdb path: .;C:\Program Files\Java\jdk-13.0.1\bin;C:\WINDOWS\SYSTEM32;C:\WINDOWS\WinSxS\amd64_microsoft.windows.common-controls_6595b64144ccf1df_6.0.19041.844_none_ca00b6081b84eb1d;C:\Program Files\Java\jdk-13.0.1\bin\server;C:\Users\BMBir\AppData\Local\Temp\lwjglBMBir\3.2.3-build-13;C:\WINDOWS\System32\DriverStore\FileRepository\c0364033.inf_amd64_6708aefda51896c8\B363860

VM Arguments:
jvm_args: -Dfile.encoding=windows-1252 -Duser.country=GB -Duser.language=en -Duser.variant 
java_command: Main
java_class_path (initial): D:\RTX\build\classes\java\main;D:\RTX\build\resources\main;C:\Users\BMBir\.gradle\caches\modules-2\files-2.1\org.lwjgl\lwjgl-assimp\3.2.3\f62aa07a20afbdd3097efc296c4841e0d29700eb\lwjgl-assimp-3.2.3.jar;C:\Users\BMBir\.gradle\caches\modules-2\files-2.1\org.lwjgl\lwjgl-assimp\3.2.3\4e60aeb75f0343c4a9ede4ef8b6b32ca702a00a3\lwjgl-assimp-3.2.3-natives-windows.jar;C:\Users\BMBir\.gradle\caches\modules-2\files-2.1\org.lwjgl\lwjgl-glfw\3.2.3\5e520d5c290c8b012545a8d34fa5db5ab051ea53\lwjgl-glfw-3.2.3.jar;C:\Users\BMBir\.gradle\caches\modules-2\files-2.1\org.lwjgl\lwjgl-glfw\3.2.3\b4d8a3477cdc2edcf7a5f1e822926be846223f54\lwjgl-glfw-3.2.3-natives-windows.jar;C:\Users\BMBir\.gradle\caches\modules-2\files-2.1\org.lwjgl\lwjgl-openal\3.2.3\106742e805803ab9eab8e343f0fb31a3d263903c\lwjgl-openal-3.2.3.jar;C:\Users\BMBir\.gradle\caches\modules-2\files-2.1\org.lwjgl\lwjgl-openal\3.2.3\ec898e8ce11b5886f4f532a1536283ef2817758d\lwjgl-openal-3.2.3-natives-windows.jar;C:\Users\BMBir\.gradle\caches\modules-2\files-2.1\org.lwjgl\lwjgl-opengl\3.2.3\bdd534a323d0c8f54969b95e424b6ac8984f7d6e\lwjgl-opengl-3.2.3.jar;C:\Users\BMBir\.gradle\caches\modules-2\files-2.1\org.lwjgl\lwjgl-opengl\3.2.3\e81cfc73ec8708e5e791ed770e4ec3edfc1bbab1\lwjgl-opengl-3.2.3-natives-windows.jar;C:\Users\BMBir\.gradle\caches\modules-2\files-2.1\org.lwjgl\lwjgl-stb\3.2.3\40eccaa4fa86fc815f2e17946a392fb5fdcc286a\lwjgl-stb-3.2.3.jar;C:\Users\BMBir\.gradle\caches\modules-2\files-2.1\org.lwjgl\lwjgl-stb\3.2.3\817b21ec286f0ba3dcedb56a3bd275e6a9345be9\lwjgl-stb-3.2.3-natives-windows.jar;C:\Users\BMBir\.gradle\caches\modules-2\files-2.1\org.lwjgl\lwjgl\3.2.3\17a59ba0fe8d474ec9dbe0d5db40d2cfe59c4c08\lwjgl-3.2.3.jar;C:\Users\BMBir\.gradle\caches\modules-2\files-2.1\org.lwjgl\lwjgl\3.2.3\27f32cd35349684745951e04388e8e00d681cdcd\lwjgl-3.2.3-natives-windows.jar;C:\Users\BMBir\.gradle\caches\modules-2\files-2.1\org.joml\joml\1.10.1\9825ac51cb8d274e23d4ad685b355e87afdaff06\joml-1.10.1.jar
Launcher Type: SUN_STANDARD

[Global flags]
     intx CICompilerCount                          = 4                                         {product} {ergonomic}
     uint ConcGCThreads                            = 3                                         {product} {ergonomic}
     uint G1ConcRefinementThreads                  = 10                                        {product} {ergonomic}
   size_t G1HeapRegionSize                         = 1048576                                   {product} {ergonomic}
    uintx GCDrainStackTargetSize                   = 64                                        {product} {ergonomic}
   size_t InitialHeapSize                          = 268435456                                 {product} {ergonomic}
   size_t MarkStackSize                            = 4194304                                   {product} {ergonomic}
   size_t MaxHeapSize                              = 4280287232                                {product} {ergonomic}
   size_t MaxNewSize                               = 2567962624                                {product} {ergonomic}
   size_t MinHeapDeltaBytes                        = 1048576                                   {product} {ergonomic}
   size_t MinHeapSize                              = 8388608                                   {product} {ergonomic}
    uintx NonNMethodCodeHeapSize                   = 5836300                                {pd product} {ergonomic}
    uintx NonProfiledCodeHeapSize                  = 122910970                              {pd product} {ergonomic}
    uintx ProfiledCodeHeapSize                     = 122910970                              {pd product} {ergonomic}
    uintx ReservedCodeCacheSize                    = 251658240                              {pd product} {ergonomic}
     bool SegmentedCodeCache                       = true                                      {product} {ergonomic}
   size_t SoftMaxHeapSize                          = 4280287232                             {manageable} {ergonomic}
     bool UseCompressedClassPointers               = true                                 {lp64_product} {ergonomic}
     bool UseCompressedOops                        = true                                 {lp64_product} {ergonomic}
     bool UseG1GC                                  = true                                      {product} {ergonomic}
     bool UseLargePagesIndividualAllocation        = false                                  {pd product} {ergonomic}

Logging:
Log output configuration:
 #0: stdout all=warning uptime,level,tags
 #1: stderr all=off uptime,level,tags

Environment Variables:
PATH=C:\Python38\Scripts\;C:\Python38\;C:\Windows\System32;C:\Windows;C:\Windows\System32\wbem;C:\Windows\System32\WindowsPowerShell\v1.0\;C:\Windows\System32\OpenSSH\;C:\Program Files\Microsoft VS Code\bin;C:\Program Files\Git\cmd;C:\Program Files (x86)\GnuPG\bin;C:\Program Files\Java\jdk-14\bin;C:\Program Files\nodejs\;C:\ProgramData\chocolatey\bin;E:\Matlab\bin;C:\Program Files\PuTTY\;C:\Users\BMBir\AppData\Local\Programs\Python\Python37\Scripts\;C:\Users\BMBir\AppData\Local\Programs\Python\Python37\;C:\Users\BMBir\.cargo\bin;C:\Users\BMBir\AppData\Local\Microsoft\WindowsApps;C:\Program Files\JetBrains\IntelliJ IDEA 2019.2.3\bin;C:\MinGW\bin;C:\Program Files\ffmpeg-20200223-90913ab-win64-static\bin;C:\Users\BMBir\AppData\Roaming\npm;C:\WINDOWS\system32;C:\Windows;C:\WINDOWS\system32\Wbem;C:\WINDOWS\system32\WindowsPowerShell\v1.0\;C:\WINDOWS\system32\OpenSSH\;C:\Program Files\MATLAB\R2019a\runtime\win64;C:\Program Files\MATLAB\R2019a\bin;C:\Program Files (x86)\GitHub CLI\;C:\Program Files\Java\javafx-sdk-11.0.2\bin;C:\Users\BMBir\AppData\Local\gitkraken\bin;C:\Users\BMBir\AppData\Local\JetBrains\IntelliJ IDEA 2020.3.2\bin;;C:\Users\BMBir\AppData\Local\Microsoft\WindowsApps;
USERNAME=BMBir
OS=Windows_NT
PROCESSOR_IDENTIFIER=AMD64 Family 23 Model 1 Stepping 1, AuthenticAMD



---------------  S Y S T E M  ---------------

OS: Windows 10 , 64 bit Build 19041 (10.0.19041.804)
HyperV virtualization detected

CPU:total 12 (initial active 12) (12 cores per cpu, 2 threads per core) family 23 model 1 stepping 1, cmov, cx8, fxsr, mmx, sse, sse2, sse3, ssse3, sse4.1, sse4.2, popcnt, avx, avx2, aes, clmul, mmxext, 3dnowpref, lzcnt, sse4a, ht, tsc, tscinvbit, tscinv, bmi1, bmi2, adx, sha, fma

Memory: 4k page, system-wide physical 16320M (6942M free)
TotalPageFile size 18752M (AvailPageFile size 5610M)
current process WorkingSet (physical memory assigned to process): 99M, peak: 99M
current process commit charge ("private bytes"): 450M, peak: 450M

vm_info: Java HotSpot(TM) 64-Bit Server VM (13.0.1+9) for windows-amd64 JRE (13.0.1+9), built on Oct  6 2019 12:37:49 by "mach5one" with unknown MS VC++:1916

END.
