#
# A fatal error has been detected by the Java Runtime Environment:
#
#  EXCEPTION_ACCESS_VIOLATION (0xc0000005) at pc=0x00007ffa260b9973, pid=7804, tid=2892
#
# JRE version: Java(TM) SE Runtime Environment (13.0.1+9) (build 13.0.1+9)
# Java VM: Java HotSpot(TM) 64-Bit Server VM (13.0.1+9, mixed mode, sharing, tiered, compressed oops, g1 gc, windows-amd64)
# Problematic frame:
# C  [atio6axx.dll+0xbb9973]
#
# No core dump will be written. Minidumps are not enabled by default on client versions of Windows
#
# If you would like to submit a bug report, please visit:
#   http://bugreport.java.com/bugreport/crash.jsp
# The crash happened outside the Java Virtual Machine in native code.
# See problematic frame for where to report the bug.
#

---------------  S U M M A R Y ------------

Command Line: -Dfile.encoding=windows-1252 -Duser.country=GB -Duser.language=en -Duser.variant Main

Host: AMD Ryzen 5 1600 Six-Core Processor            , 12 cores, 15G,  Windows 10 , 64 bit Build 19041 (10.0.19041.804)
Time: Tue Apr 13 14:31:28 2021 GMT Summer Time elapsed time: 1 seconds (0d 0h 0m 1s)

---------------  T H R E A D  ---------------

Current thread (0x00000267d020e000):  JavaThread "main" [_thread_in_native, id=2892, stack(0x00000087d4700000,0x00000087d4800000)]

Stack: [0x00000087d4700000,0x00000087d4800000],  sp=0x00000087d47feea0,  free space=1019k
Native frames: (J=compiled Java code, j=interpreted, Vv=VM code, C=native code)
C  [atio6axx.dll+0xbb9973]

Java frames: (J=compiled Java code, j=interpreted, Vv=VM code)
j  org.lwjgl.opengl.GL20C.nglShaderSource(IIJJ)V+0
j  org.lwjgl.opengl.GL20C.glShaderSource(ILorg/lwjgl/PointerBuffer;Ljava/nio/IntBuffer;)V+27
j  org.lwjgl.opengl.GL20.glShaderSource(ILorg/lwjgl/PointerBuffer;Ljava/nio/IntBuffer;)V+3
j  ShaderProgram.createShader(Ljava/lang/String;I)I+66
j  ShaderProgram.<init>(Ljava/lang/String;Ljava/lang/String;)V+8
j  QuadShader.<init>(Ljava/lang/String;Ljava/lang/String;I)V+3
j  Window.init()V+283
j  Window.run()V+1
j  Main.main([Ljava/lang/String;)V+9
v  ~StubRoutines::call_stub

siginfo: EXCEPTION_ACCESS_VIOLATION (0xc0000005), reading address 0x0000000000000010


Register to memory mapping:

RIP=0x00007ffa260b9973 atio6axx.dll
RAX=0x0000000000000010 is an unknown value
RBX=0x0 is NULL
RCX=0x0 is NULL
RDX=0x00000267f79f6820 points into unknown readable memory: 00 00 00 00 74 3e 00 00
RSP=0x00000087d47feea0 is pointing into the stack for thread: 0x00000267d020e000
RBP=0x00000087d47fefa0 is pointing into the stack for thread: 0x00000267d020e000
RSI=0x00000267f763c4d0 points into unknown readable memory: 00 d3 47 f7 67 02 00 00
RDI=0x0000000000000001 is an unknown value
R8 =0x0000000000000001 is an unknown value
R9 =0x0000000000000001 is an unknown value
R10=0x0000000000000001 is an unknown value
R11=0x00000267f75f1960 points into unknown readable memory: 10 80 f0 f7 67 02 00 00
R12=0x0 is NULL
R13=0x0 is NULL
R14=0xffffffffffffffff is an unknown value
R15=0x0 is NULL


Registers:
RAX=0x0000000000000010, RBX=0x0000000000000000, RCX=0x0000000000000000, RDX=0x00000267f79f6820
RSP=0x00000087d47feea0, RBP=0x00000087d47fefa0, RSI=0x00000267f763c4d0, RDI=0x0000000000000001
R8 =0x0000000000000001, R9 =0x0000000000000001, R10=0x0000000000000001, R11=0x00000267f75f1960
R12=0x0000000000000000, R13=0x0000000000000000, R14=0xffffffffffffffff, R15=0x0000000000000000
RIP=0x00007ffa260b9973, EFLAGS=0x0000000000010256

Top of Stack: (sp=0x00000087d47feea0)
0x00000087d47feea0:   fffffffe02000000 00000087d47fedb0
0x00000087d47feeb0:   0000000000000000 0000000000000000
0x00000087d47feec0:   00000267d874c980 0000005000000400
0x00000087d47feed0:   00000000d47feee0 0000000000000000
0x00000087d47feee0:   0000000000000000 0000000000000000
0x00000087d47feef0:   0000000000000000 0000000000000000
0x00000087d47fef00:   0000000000000000 0000000000000100
0x00000087d47fef10:   0000000000000000 00000267f79f6820
0x00000087d47fef20:   0000000000000000 0000000000000000
0x00000087d47fef30:   00007ffa3cdee000 0000000000000000
0x00000087d47fef40:   0000000000000000 0000000000000000
0x00000087d47fef50:   00000267d020e600 0000000000000000
0x00000087d47fef60:   00007ffa0f50bd68 00000267f5ad7410
0x00000087d47fef70:   0000000600000000 0000000000000010
0x00000087d47fef80:   00000267f52291e0 00000267d020e000
0x00000087d47fef90:   0000000200000006 0000000000000004 

Instructions: (pc=0x00007ffa260b9973)
0x00007ffa260b9873:   00 02 00 00 49 8b ce e8 e1 12 55 ff 49 8b 56 08
0x00007ffa260b9883:   49 8b 06 c6 04 02 00 49 ff 46 08 48 83 c4 30 41
0x00007ffa260b9893:   5e c3 cc cc cc cc cc cc cc cc cc cc cc 44 89 4c
0x00007ffa260b98a3:   24 20 44 89 44 24 18 48 89 54 24 10 48 89 4c 24
0x00007ffa260b98b3:   08 55 53 56 57 41 54 41 55 41 56 41 57 48 8d 6c
0x00007ffa260b98c3:   24 e8 48 81 ec 18 01 00 00 33 db 4c 8b da 48 8b
0x00007ffa260b98d3:   95 80 00 00 00 41 8b f9 48 89 5c 24 40 45 8b d0
0x00007ffa260b98e3:   48 89 5d 80 48 8b f1 48 89 5c 24 38 44 8b f3 48
0x00007ffa260b98f3:   89 5c 24 58 44 8b eb 48 89 5c 24 50 44 8b e3 48
0x00007ffa260b9903:   89 5c 24 48 44 8b fb 48 85 d2 0f 84 88 0a 00 00
0x00007ffa260b9913:   89 5c 24 34 45 85 c9 0f 8e 0e 07 00 00 8b cb 48
0x00007ffa260b9923:   89 5d 98 66 66 0f 1f 84 00 00 00 00 00 48 8b 04
0x00007ffa260b9933:   ca 48 89 45 d8 48 85 c0 0f 84 52 0a 00 00 48 8b
0x00007ffa260b9943:   95 88 00 00 00 48 85 d2 74 16 44 8b 24 8a 4c 89
0x00007ffa260b9953:   65 88 45 85 e4 7e 09 49 c7 c6 ff ff ff ff eb 1b
0x00007ffa260b9963:   49 c7 c6 ff ff ff ff 4d 8b e6 0f 1f 00 49 ff c4
0x00007ffa260b9973:   42 80 3c 20 00 75 f6 4c 89 65 88 41 8b cc 4c 8d
0x00007ffa260b9983:   45 c0 48 8b d0 48 89 5d c0 48 89 5d c8 48 89 5d
0x00007ffa260b9993:   d0 e8 57 fd ff ff 48 8b 45 c0 4d 8b c6 48 89 5c
0x00007ffa260b99a3:   24 70 48 c7 44 24 78 0f 00 00 00 c6 44 24 60 00
0x00007ffa260b99b3:   49 ff c0 42 80 3c 00 00 75 f6 48 8b d0 48 8d 4c
0x00007ffa260b99c3:   24 60 e8 e6 25 55 ff 48 8b 46 10 32 c9 33 d2 48
0x00007ffa260b99d3:   89 5d b0 4c 8b eb 48 c7 45 b8 0f 00 00 00 c6 45
0x00007ffa260b99e3:   a0 00 8b fa 48 8b 18 88 4c 24 30 48 3b d8 0f 84
0x00007ffa260b99f3:   c8 02 00 00 66 0f 1f 84 00 00 00 00 00 48 8b 53
0x00007ffa260b9a03:   28 4d 8b c6 66 0f 1f 84 00 00 00 00 00 49 ff c0
0x00007ffa260b9a13:   42 80 3c 02 00 75 f6 48 8d 4d a0 e8 8d 25 55 ff
0x00007ffa260b9a23:   48 83 7d b8 10 48 8d 75 a0 48 8b 45 a0 4c 8d 64
0x00007ffa260b9a33:   24 60 4c 8b 6d b0 48 0f 43 f0 48 83 7c 24 78 10
0x00007ffa260b9a43:   48 89 45 90 48 8b 44 24 70 4c 0f 43 64 24 60 4c
0x00007ffa260b9a53:   3b e8 0f 87 7c 00 00 00 4d 85 ed 0f 84 3f 02 00
0x00007ffa260b9a63:   00 44 0f be 3e 49 2b c5 41 8b d7 49 8b cc 4e 8d 


Stack slot to memory mapping:
stack at sp + 0 slots: 0xfffffffe02000000 is an unknown value
stack at sp + 1 slots: 0x00000087d47fedb0 is pointing into the stack for thread: 0x00000267d020e000
stack at sp + 2 slots: 0x0 is NULL
stack at sp + 3 slots: 0x0 is NULL
stack at sp + 4 slots: 0x00000267d874c980 is at code_begin+0 in 
[CodeBlob (0x00000267d874c910)]
Framesize: 0
BufferBlob (0x00000267d874c910) used for Signature Handler Temp Buffer
stack at sp + 5 slots: 0x0000005000000400 is an unknown value
stack at sp + 6 slots: 0x00000000d47feee0 is an unknown value
stack at sp + 7 slots: 0x0 is NULL


---------------  P R O C E S S  ---------------

Threads class SMR info:
_java_thread_list=0x00000267f5308c00, length=11, elements={
0x00000267d020e000, 0x00000267f52f0000, 0x00000267f52f3000, 0x00000267f5310000,
0x00000267f5313000, 0x00000267f5314800, 0x00000267f5315800, 0x00000267f5316800,
0x00000267f5463800, 0x00000267f545d000, 0x00000267f7977800
}

Java Threads: ( => current thread )
=>0x00000267d020e000 JavaThread "main" [_thread_in_native, id=2892, stack(0x00000087d4700000,0x00000087d4800000)]
  0x00000267f52f0000 JavaThread "Reference Handler" daemon [_thread_blocked, id=17016, stack(0x00000087d4e00000,0x00000087d4f00000)]
  0x00000267f52f3000 JavaThread "Finalizer" daemon [_thread_blocked, id=17608, stack(0x00000087d4f00000,0x00000087d5000000)]
  0x00000267f5310000 JavaThread "Signal Dispatcher" daemon [_thread_blocked, id=8220, stack(0x00000087d5000000,0x00000087d5100000)]
  0x00000267f5313000 JavaThread "Attach Listener" daemon [_thread_blocked, id=6388, stack(0x00000087d5100000,0x00000087d5200000)]
  0x00000267f5314800 JavaThread "C2 CompilerThread0" daemon [_thread_blocked, id=15436, stack(0x00000087d5200000,0x00000087d5300000)]
  0x00000267f5315800 JavaThread "C1 CompilerThread0" daemon [_thread_blocked, id=3116, stack(0x00000087d5300000,0x00000087d5400000)]
  0x00000267f5316800 JavaThread "Sweeper thread" daemon [_thread_blocked, id=7412, stack(0x00000087d5400000,0x00000087d5500000)]
  0x00000267f5463800 JavaThread "Service Thread" daemon [_thread_blocked, id=7356, stack(0x00000087d5500000,0x00000087d5600000)]
  0x00000267f545d000 JavaThread "Common-Cleaner" daemon [_thread_blocked, id=17760, stack(0x00000087d5700000,0x00000087d5800000)]
  0x00000267f7977800 JavaThread "C2 CompilerThread1" daemon [_thread_blocked, id=2828, stack(0x00000087d5b00000,0x00000087d5c00000)]

Other Threads:
  0x00000267f52ed000 VMThread "VM Thread" [stack: 0x00000087d4d00000,0x00000087d4e00000] [id=17148]
  0x00000267f545a800 WatcherThread [stack: 0x00000087d5600000,0x00000087d5700000] [id=15292]
  0x00000267d027b800 GCTaskThread "GC Thread#0" [stack: 0x00000087d4800000,0x00000087d4900000] [id=3036]
  0x00000267d02a0000 ConcurrentGCThread "G1 Main Marker" [stack: 0x00000087d4900000,0x00000087d4a00000] [id=8240]
  0x00000267d02a2000 ConcurrentGCThread "G1 Conc#0" [stack: 0x00000087d4a00000,0x00000087d4b00000] [id=13720]
  0x00000267f4401800 ConcurrentGCThread "G1 Refine#0" [stack: 0x00000087d4b00000,0x00000087d4c00000] [id=9668]
  0x00000267f4403800 ConcurrentGCThread "G1 Young RemSet Sampling" [stack: 0x00000087d4c00000,0x00000087d4d00000] [id=4464]

Threads with active compile tasks:

VM state:not at safepoint (normal execution)

VM Mutex/Monitor currently owned by a thread: None

Heap address: 0x0000000700e00000, size: 4082 MB, Compressed Oops mode: Zero based, Oop shift amount: 3
Narrow klass base: 0x0000000800000000, Narrow klass shift: 3
Compressed class space size: 1073741824 Address: 0x0000000800b40000

Heap:
 garbage-first heap   total 262144K, used 17408K [0x0000000700e00000, 0x0000000800000000)
  region size 1024K, 18 young (18432K), 0 survivors (0K)
 Metaspace       used 5581K, capacity 8689K, committed 8832K, reserved 1056768K
  class space    used 283K, capacity 602K, committed 640K, reserved 1048576K
Heap Regions: E=young(eden), S=young(survivor), O=old, HS=humongous(starts), HC=humongous(continues), CS=collection set, F=free, A=archive, TAMS=top-at-mark-start (previous, next)
|   0|0x0000000700e00000, 0x0000000700e00000, 0x0000000700f00000|  0%| F|  |TAMS 0x0000000700e00000, 0x0000000700e00000| Untracked 
|   1|0x0000000700f00000, 0x0000000700f00000, 0x0000000701000000|  0%| F|  |TAMS 0x0000000700f00000, 0x0000000700f00000| Untracked 
|   2|0x0000000701000000, 0x0000000701000000, 0x0000000701100000|  0%| F|  |TAMS 0x0000000701000000, 0x0000000701000000| Untracked 
|   3|0x0000000701100000, 0x0000000701100000, 0x0000000701200000|  0%| F|  |TAMS 0x0000000701100000, 0x0000000701100000| Untracked 
|   4|0x0000000701200000, 0x0000000701200000, 0x0000000701300000|  0%| F|  |TAMS 0x0000000701200000, 0x0000000701200000| Untracked 
|   5|0x0000000701300000, 0x0000000701300000, 0x0000000701400000|  0%| F|  |TAMS 0x0000000701300000, 0x0000000701300000| Untracked 
|   6|0x0000000701400000, 0x0000000701400000, 0x0000000701500000|  0%| F|  |TAMS 0x0000000701400000, 0x0000000701400000| Untracked 
|   7|0x0000000701500000, 0x0000000701500000, 0x0000000701600000|  0%| F|  |TAMS 0x0000000701500000, 0x0000000701500000| Untracked 
|   8|0x0000000701600000, 0x0000000701600000, 0x0000000701700000|  0%| F|  |TAMS 0x0000000701600000, 0x0000000701600000| Untracked 
|   9|0x0000000701700000, 0x0000000701700000, 0x0000000701800000|  0%| F|  |TAMS 0x0000000701700000, 0x0000000701700000| Untracked 
|  10|0x0000000701800000, 0x0000000701800000, 0x0000000701900000|  0%| F|  |TAMS 0x0000000701800000, 0x0000000701800000| Untracked 
|  11|0x0000000701900000, 0x0000000701900000, 0x0000000701a00000|  0%| F|  |TAMS 0x0000000701900000, 0x0000000701900000| Untracked 
|  12|0x0000000701a00000, 0x0000000701a00000, 0x0000000701b00000|  0%| F|  |TAMS 0x0000000701a00000, 0x0000000701a00000| Untracked 
|  13|0x0000000701b00000, 0x0000000701b00000, 0x0000000701c00000|  0%| F|  |TAMS 0x0000000701b00000, 0x0000000701b00000| Untracked 
|  14|0x0000000701c00000, 0x0000000701c00000, 0x0000000701d00000|  0%| F|  |TAMS 0x0000000701c00000, 0x0000000701c00000| Untracked 
|  15|0x0000000701d00000, 0x0000000701d00000, 0x0000000701e00000|  0%| F|  |TAMS 0x0000000701d00000, 0x0000000701d00000| Untracked 
|  16|0x0000000701e00000, 0x0000000701e00000, 0x0000000701f00000|  0%| F|  |TAMS 0x0000000701e00000, 0x0000000701e00000| Untracked 
|  17|0x0000000701f00000, 0x0000000701f00000, 0x0000000702000000|  0%| F|  |TAMS 0x0000000701f00000, 0x0000000701f00000| Untracked 
|  18|0x0000000702000000, 0x0000000702000000, 0x0000000702100000|  0%| F|  |TAMS 0x0000000702000000, 0x0000000702000000| Untracked 
|  19|0x0000000702100000, 0x0000000702100000, 0x0000000702200000|  0%| F|  |TAMS 0x0000000702100000, 0x0000000702100000| Untracked 
|  20|0x0000000702200000, 0x0000000702200000, 0x0000000702300000|  0%| F|  |TAMS 0x0000000702200000, 0x0000000702200000| Untracked 
|  21|0x0000000702300000, 0x0000000702300000, 0x0000000702400000|  0%| F|  |TAMS 0x0000000702300000, 0x0000000702300000| Untracked 
|  22|0x0000000702400000, 0x0000000702400000, 0x0000000702500000|  0%| F|  |TAMS 0x0000000702400000, 0x0000000702400000| Untracked 
|  23|0x0000000702500000, 0x0000000702500000, 0x0000000702600000|  0%| F|  |TAMS 0x0000000702500000, 0x0000000702500000| Untracked 
|  24|0x0000000702600000, 0x0000000702600000, 0x0000000702700000|  0%| F|  |TAMS 0x0000000702600000, 0x0000000702600000| Untracked 
|  25|0x0000000702700000, 0x0000000702700000, 0x0000000702800000|  0%| F|  |TAMS 0x0000000702700000, 0x0000000702700000| Untracked 
|  26|0x0000000702800000, 0x0000000702800000, 0x0000000702900000|  0%| F|  |TAMS 0x0000000702800000, 0x0000000702800000| Untracked 
|  27|0x0000000702900000, 0x0000000702900000, 0x0000000702a00000|  0%| F|  |TAMS 0x0000000702900000, 0x0000000702900000| Untracked 
|  28|0x0000000702a00000, 0x0000000702a00000, 0x0000000702b00000|  0%| F|  |TAMS 0x0000000702a00000, 0x0000000702a00000| Untracked 
|  29|0x0000000702b00000, 0x0000000702b00000, 0x0000000702c00000|  0%| F|  |TAMS 0x0000000702b00000, 0x0000000702b00000| Untracked 
|  30|0x0000000702c00000, 0x0000000702c00000, 0x0000000702d00000|  0%| F|  |TAMS 0x0000000702c00000, 0x0000000702c00000| Untracked 
|  31|0x0000000702d00000, 0x0000000702d00000, 0x0000000702e00000|  0%| F|  |TAMS 0x0000000702d00000, 0x0000000702d00000| Untracked 
|  32|0x0000000702e00000, 0x0000000702e00000, 0x0000000702f00000|  0%| F|  |TAMS 0x0000000702e00000, 0x0000000702e00000| Untracked 
|  33|0x0000000702f00000, 0x0000000702f00000, 0x0000000703000000|  0%| F|  |TAMS 0x0000000702f00000, 0x0000000702f00000| Untracked 
|  34|0x0000000703000000, 0x0000000703000000, 0x0000000703100000|  0%| F|  |TAMS 0x0000000703000000, 0x0000000703000000| Untracked 
|  35|0x0000000703100000, 0x0000000703100000, 0x0000000703200000|  0%| F|  |TAMS 0x0000000703100000, 0x0000000703100000| Untracked 
|  36|0x0000000703200000, 0x0000000703200000, 0x0000000703300000|  0%| F|  |TAMS 0x0000000703200000, 0x0000000703200000| Untracked 
|  37|0x0000000703300000, 0x0000000703300000, 0x0000000703400000|  0%| F|  |TAMS 0x0000000703300000, 0x0000000703300000| Untracked 
|  38|0x0000000703400000, 0x0000000703400000, 0x0000000703500000|  0%| F|  |TAMS 0x0000000703400000, 0x0000000703400000| Untracked 
|  39|0x0000000703500000, 0x0000000703500000, 0x0000000703600000|  0%| F|  |TAMS 0x0000000703500000, 0x0000000703500000| Untracked 
|  40|0x0000000703600000, 0x0000000703600000, 0x0000000703700000|  0%| F|  |TAMS 0x0000000703600000, 0x0000000703600000| Untracked 
|  41|0x0000000703700000, 0x0000000703700000, 0x0000000703800000|  0%| F|  |TAMS 0x0000000703700000, 0x0000000703700000| Untracked 
|  42|0x0000000703800000, 0x0000000703800000, 0x0000000703900000|  0%| F|  |TAMS 0x0000000703800000, 0x0000000703800000| Untracked 
|  43|0x0000000703900000, 0x0000000703900000, 0x0000000703a00000|  0%| F|  |TAMS 0x0000000703900000, 0x0000000703900000| Untracked 
|  44|0x0000000703a00000, 0x0000000703a00000, 0x0000000703b00000|  0%| F|  |TAMS 0x0000000703a00000, 0x0000000703a00000| Untracked 
|  45|0x0000000703b00000, 0x0000000703b00000, 0x0000000703c00000|  0%| F|  |TAMS 0x0000000703b00000, 0x0000000703b00000| Untracked 
|  46|0x0000000703c00000, 0x0000000703c00000, 0x0000000703d00000|  0%| F|  |TAMS 0x0000000703c00000, 0x0000000703c00000| Untracked 
|  47|0x0000000703d00000, 0x0000000703d00000, 0x0000000703e00000|  0%| F|  |TAMS 0x0000000703d00000, 0x0000000703d00000| Untracked 
|  48|0x0000000703e00000, 0x0000000703e00000, 0x0000000703f00000|  0%| F|  |TAMS 0x0000000703e00000, 0x0000000703e00000| Untracked 
|  49|0x0000000703f00000, 0x0000000703f00000, 0x0000000704000000|  0%| F|  |TAMS 0x0000000703f00000, 0x0000000703f00000| Untracked 
|  50|0x0000000704000000, 0x0000000704000000, 0x0000000704100000|  0%| F|  |TAMS 0x0000000704000000, 0x0000000704000000| Untracked 
|  51|0x0000000704100000, 0x0000000704100000, 0x0000000704200000|  0%| F|  |TAMS 0x0000000704100000, 0x0000000704100000| Untracked 
|  52|0x0000000704200000, 0x0000000704200000, 0x0000000704300000|  0%| F|  |TAMS 0x0000000704200000, 0x0000000704200000| Untracked 
|  53|0x0000000704300000, 0x0000000704300000, 0x0000000704400000|  0%| F|  |TAMS 0x0000000704300000, 0x0000000704300000| Untracked 
|  54|0x0000000704400000, 0x0000000704400000, 0x0000000704500000|  0%| F|  |TAMS 0x0000000704400000, 0x0000000704400000| Untracked 
|  55|0x0000000704500000, 0x0000000704500000, 0x0000000704600000|  0%| F|  |TAMS 0x0000000704500000, 0x0000000704500000| Untracked 
|  56|0x0000000704600000, 0x0000000704600000, 0x0000000704700000|  0%| F|  |TAMS 0x0000000704600000, 0x0000000704600000| Untracked 
|  57|0x0000000704700000, 0x0000000704700000, 0x0000000704800000|  0%| F|  |TAMS 0x0000000704700000, 0x0000000704700000| Untracked 
|  58|0x0000000704800000, 0x0000000704800000, 0x0000000704900000|  0%| F|  |TAMS 0x0000000704800000, 0x0000000704800000| Untracked 
|  59|0x0000000704900000, 0x0000000704900000, 0x0000000704a00000|  0%| F|  |TAMS 0x0000000704900000, 0x0000000704900000| Untracked 
|  60|0x0000000704a00000, 0x0000000704a00000, 0x0000000704b00000|  0%| F|  |TAMS 0x0000000704a00000, 0x0000000704a00000| Untracked 
|  61|0x0000000704b00000, 0x0000000704b00000, 0x0000000704c00000|  0%| F|  |TAMS 0x0000000704b00000, 0x0000000704b00000| Untracked 
|  62|0x0000000704c00000, 0x0000000704c00000, 0x0000000704d00000|  0%| F|  |TAMS 0x0000000704c00000, 0x0000000704c00000| Untracked 
|  63|0x0000000704d00000, 0x0000000704d00000, 0x0000000704e00000|  0%| F|  |TAMS 0x0000000704d00000, 0x0000000704d00000| Untracked 
|  64|0x0000000704e00000, 0x0000000704e00000, 0x0000000704f00000|  0%| F|  |TAMS 0x0000000704e00000, 0x0000000704e00000| Untracked 
|  65|0x0000000704f00000, 0x0000000704f00000, 0x0000000705000000|  0%| F|  |TAMS 0x0000000704f00000, 0x0000000704f00000| Untracked 
|  66|0x0000000705000000, 0x0000000705000000, 0x0000000705100000|  0%| F|  |TAMS 0x0000000705000000, 0x0000000705000000| Untracked 
|  67|0x0000000705100000, 0x0000000705100000, 0x0000000705200000|  0%| F|  |TAMS 0x0000000705100000, 0x0000000705100000| Untracked 
|  68|0x0000000705200000, 0x0000000705200000, 0x0000000705300000|  0%| F|  |TAMS 0x0000000705200000, 0x0000000705200000| Untracked 
|  69|0x0000000705300000, 0x0000000705300000, 0x0000000705400000|  0%| F|  |TAMS 0x0000000705300000, 0x0000000705300000| Untracked 
|  70|0x0000000705400000, 0x0000000705400000, 0x0000000705500000|  0%| F|  |TAMS 0x0000000705400000, 0x0000000705400000| Untracked 
|  71|0x0000000705500000, 0x0000000705500000, 0x0000000705600000|  0%| F|  |TAMS 0x0000000705500000, 0x0000000705500000| Untracked 
|  72|0x0000000705600000, 0x0000000705600000, 0x0000000705700000|  0%| F|  |TAMS 0x0000000705600000, 0x0000000705600000| Untracked 
|  73|0x0000000705700000, 0x0000000705700000, 0x0000000705800000|  0%| F|  |TAMS 0x0000000705700000, 0x0000000705700000| Untracked 
|  74|0x0000000705800000, 0x0000000705800000, 0x0000000705900000|  0%| F|  |TAMS 0x0000000705800000, 0x0000000705800000| Untracked 
|  75|0x0000000705900000, 0x0000000705900000, 0x0000000705a00000|  0%| F|  |TAMS 0x0000000705900000, 0x0000000705900000| Untracked 
|  76|0x0000000705a00000, 0x0000000705a00000, 0x0000000705b00000|  0%| F|  |TAMS 0x0000000705a00000, 0x0000000705a00000| Untracked 
|  77|0x0000000705b00000, 0x0000000705b00000, 0x0000000705c00000|  0%| F|  |TAMS 0x0000000705b00000, 0x0000000705b00000| Untracked 
|  78|0x0000000705c00000, 0x0000000705c00000, 0x0000000705d00000|  0%| F|  |TAMS 0x0000000705c00000, 0x0000000705c00000| Untracked 
|  79|0x0000000705d00000, 0x0000000705d00000, 0x0000000705e00000|  0%| F|  |TAMS 0x0000000705d00000, 0x0000000705d00000| Untracked 
|  80|0x0000000705e00000, 0x0000000705e00000, 0x0000000705f00000|  0%| F|  |TAMS 0x0000000705e00000, 0x0000000705e00000| Untracked 
|  81|0x0000000705f00000, 0x0000000705f00000, 0x0000000706000000|  0%| F|  |TAMS 0x0000000705f00000, 0x0000000705f00000| Untracked 
|  82|0x0000000706000000, 0x0000000706000000, 0x0000000706100000|  0%| F|  |TAMS 0x0000000706000000, 0x0000000706000000| Untracked 
|  83|0x0000000706100000, 0x0000000706100000, 0x0000000706200000|  0%| F|  |TAMS 0x0000000706100000, 0x0000000706100000| Untracked 
|  84|0x0000000706200000, 0x0000000706200000, 0x0000000706300000|  0%| F|  |TAMS 0x0000000706200000, 0x0000000706200000| Untracked 
|  85|0x0000000706300000, 0x0000000706300000, 0x0000000706400000|  0%| F|  |TAMS 0x0000000706300000, 0x0000000706300000| Untracked 
|  86|0x0000000706400000, 0x0000000706400000, 0x0000000706500000|  0%| F|  |TAMS 0x0000000706400000, 0x0000000706400000| Untracked 
|  87|0x0000000706500000, 0x0000000706500000, 0x0000000706600000|  0%| F|  |TAMS 0x0000000706500000, 0x0000000706500000| Untracked 
|  88|0x0000000706600000, 0x0000000706600000, 0x0000000706700000|  0%| F|  |TAMS 0x0000000706600000, 0x0000000706600000| Untracked 
|  89|0x0000000706700000, 0x0000000706700000, 0x0000000706800000|  0%| F|  |TAMS 0x0000000706700000, 0x0000000706700000| Untracked 
|  90|0x0000000706800000, 0x0000000706800000, 0x0000000706900000|  0%| F|  |TAMS 0x0000000706800000, 0x0000000706800000| Untracked 
|  91|0x0000000706900000, 0x0000000706900000, 0x0000000706a00000|  0%| F|  |TAMS 0x0000000706900000, 0x0000000706900000| Untracked 
|  92|0x0000000706a00000, 0x0000000706a00000, 0x0000000706b00000|  0%| F|  |TAMS 0x0000000706a00000, 0x0000000706a00000| Untracked 
|  93|0x0000000706b00000, 0x0000000706b00000, 0x0000000706c00000|  0%| F|  |TAMS 0x0000000706b00000, 0x0000000706b00000| Untracked 
|  94|0x0000000706c00000, 0x0000000706c00000, 0x0000000706d00000|  0%| F|  |TAMS 0x0000000706c00000, 0x0000000706c00000| Untracked 
|  95|0x0000000706d00000, 0x0000000706d00000, 0x0000000706e00000|  0%| F|  |TAMS 0x0000000706d00000, 0x0000000706d00000| Untracked 
|  96|0x0000000706e00000, 0x0000000706e00000, 0x0000000706f00000|  0%| F|  |TAMS 0x0000000706e00000, 0x0000000706e00000| Untracked 
|  97|0x0000000706f00000, 0x0000000706f00000, 0x0000000707000000|  0%| F|  |TAMS 0x0000000706f00000, 0x0000000706f00000| Untracked 
|  98|0x0000000707000000, 0x0000000707000000, 0x0000000707100000|  0%| F|  |TAMS 0x0000000707000000, 0x0000000707000000| Untracked 
|  99|0x0000000707100000, 0x0000000707100000, 0x0000000707200000|  0%| F|  |TAMS 0x0000000707100000, 0x0000000707100000| Untracked 
| 100|0x0000000707200000, 0x0000000707200000, 0x0000000707300000|  0%| F|  |TAMS 0x0000000707200000, 0x0000000707200000| Untracked 
| 101|0x0000000707300000, 0x0000000707300000, 0x0000000707400000|  0%| F|  |TAMS 0x0000000707300000, 0x0000000707300000| Untracked 
| 102|0x0000000707400000, 0x0000000707400000, 0x0000000707500000|  0%| F|  |TAMS 0x0000000707400000, 0x0000000707400000| Untracked 
| 103|0x0000000707500000, 0x0000000707500000, 0x0000000707600000|  0%| F|  |TAMS 0x0000000707500000, 0x0000000707500000| Untracked 
| 104|0x0000000707600000, 0x0000000707600000, 0x0000000707700000|  0%| F|  |TAMS 0x0000000707600000, 0x0000000707600000| Untracked 
| 105|0x0000000707700000, 0x0000000707700000, 0x0000000707800000|  0%| F|  |TAMS 0x0000000707700000, 0x0000000707700000| Untracked 
| 106|0x0000000707800000, 0x0000000707800000, 0x0000000707900000|  0%| F|  |TAMS 0x0000000707800000, 0x0000000707800000| Untracked 
| 107|0x0000000707900000, 0x0000000707900000, 0x0000000707a00000|  0%| F|  |TAMS 0x0000000707900000, 0x0000000707900000| Untracked 
| 108|0x0000000707a00000, 0x0000000707a00000, 0x0000000707b00000|  0%| F|  |TAMS 0x0000000707a00000, 0x0000000707a00000| Untracked 
| 109|0x0000000707b00000, 0x0000000707b00000, 0x0000000707c00000|  0%| F|  |TAMS 0x0000000707b00000, 0x0000000707b00000| Untracked 
| 110|0x0000000707c00000, 0x0000000707c00000, 0x0000000707d00000|  0%| F|  |TAMS 0x0000000707c00000, 0x0000000707c00000| Untracked 
| 111|0x0000000707d00000, 0x0000000707d00000, 0x0000000707e00000|  0%| F|  |TAMS 0x0000000707d00000, 0x0000000707d00000| Untracked 
| 112|0x0000000707e00000, 0x0000000707e00000, 0x0000000707f00000|  0%| F|  |TAMS 0x0000000707e00000, 0x0000000707e00000| Untracked 
| 113|0x0000000707f00000, 0x0000000707f00000, 0x0000000708000000|  0%| F|  |TAMS 0x0000000707f00000, 0x0000000707f00000| Untracked 
| 114|0x0000000708000000, 0x0000000708000000, 0x0000000708100000|  0%| F|  |TAMS 0x0000000708000000, 0x0000000708000000| Untracked 
| 115|0x0000000708100000, 0x0000000708100000, 0x0000000708200000|  0%| F|  |TAMS 0x0000000708100000, 0x0000000708100000| Untracked 
| 116|0x0000000708200000, 0x0000000708200000, 0x0000000708300000|  0%| F|  |TAMS 0x0000000708200000, 0x0000000708200000| Untracked 
| 117|0x0000000708300000, 0x0000000708300000, 0x0000000708400000|  0%| F|  |TAMS 0x0000000708300000, 0x0000000708300000| Untracked 
| 118|0x0000000708400000, 0x0000000708400000, 0x0000000708500000|  0%| F|  |TAMS 0x0000000708400000, 0x0000000708400000| Untracked 
| 119|0x0000000708500000, 0x0000000708500000, 0x0000000708600000|  0%| F|  |TAMS 0x0000000708500000, 0x0000000708500000| Untracked 
| 120|0x0000000708600000, 0x0000000708600000, 0x0000000708700000|  0%| F|  |TAMS 0x0000000708600000, 0x0000000708600000| Untracked 
| 121|0x0000000708700000, 0x0000000708700000, 0x0000000708800000|  0%| F|  |TAMS 0x0000000708700000, 0x0000000708700000| Untracked 
| 122|0x0000000708800000, 0x0000000708800000, 0x0000000708900000|  0%| F|  |TAMS 0x0000000708800000, 0x0000000708800000| Untracked 
| 123|0x0000000708900000, 0x0000000708900000, 0x0000000708a00000|  0%| F|  |TAMS 0x0000000708900000, 0x0000000708900000| Untracked 
| 124|0x0000000708a00000, 0x0000000708a00000, 0x0000000708b00000|  0%| F|  |TAMS 0x0000000708a00000, 0x0000000708a00000| Untracked 
| 125|0x0000000708b00000, 0x0000000708b00000, 0x0000000708c00000|  0%| F|  |TAMS 0x0000000708b00000, 0x0000000708b00000| Untracked 
| 126|0x0000000708c00000, 0x0000000708c00000, 0x0000000708d00000|  0%| F|  |TAMS 0x0000000708c00000, 0x0000000708c00000| Untracked 
| 127|0x0000000708d00000, 0x0000000708d00000, 0x0000000708e00000|  0%| F|  |TAMS 0x0000000708d00000, 0x0000000708d00000| Untracked 
| 128|0x0000000708e00000, 0x0000000708e00000, 0x0000000708f00000|  0%| F|  |TAMS 0x0000000708e00000, 0x0000000708e00000| Untracked 
| 129|0x0000000708f00000, 0x0000000708f00000, 0x0000000709000000|  0%| F|  |TAMS 0x0000000708f00000, 0x0000000708f00000| Untracked 
| 130|0x0000000709000000, 0x0000000709000000, 0x0000000709100000|  0%| F|  |TAMS 0x0000000709000000, 0x0000000709000000| Untracked 
| 131|0x0000000709100000, 0x0000000709100000, 0x0000000709200000|  0%| F|  |TAMS 0x0000000709100000, 0x0000000709100000| Untracked 
| 132|0x0000000709200000, 0x0000000709200000, 0x0000000709300000|  0%| F|  |TAMS 0x0000000709200000, 0x0000000709200000| Untracked 
| 133|0x0000000709300000, 0x0000000709300000, 0x0000000709400000|  0%| F|  |TAMS 0x0000000709300000, 0x0000000709300000| Untracked 
| 134|0x0000000709400000, 0x0000000709400000, 0x0000000709500000|  0%| F|  |TAMS 0x0000000709400000, 0x0000000709400000| Untracked 
| 135|0x0000000709500000, 0x0000000709500000, 0x0000000709600000|  0%| F|  |TAMS 0x0000000709500000, 0x0000000709500000| Untracked 
| 136|0x0000000709600000, 0x0000000709600000, 0x0000000709700000|  0%| F|  |TAMS 0x0000000709600000, 0x0000000709600000| Untracked 
| 137|0x0000000709700000, 0x0000000709700000, 0x0000000709800000|  0%| F|  |TAMS 0x0000000709700000, 0x0000000709700000| Untracked 
| 138|0x0000000709800000, 0x0000000709800000, 0x0000000709900000|  0%| F|  |TAMS 0x0000000709800000, 0x0000000709800000| Untracked 
| 139|0x0000000709900000, 0x0000000709900000, 0x0000000709a00000|  0%| F|  |TAMS 0x0000000709900000, 0x0000000709900000| Untracked 
| 140|0x0000000709a00000, 0x0000000709a00000, 0x0000000709b00000|  0%| F|  |TAMS 0x0000000709a00000, 0x0000000709a00000| Untracked 
| 141|0x0000000709b00000, 0x0000000709b00000, 0x0000000709c00000|  0%| F|  |TAMS 0x0000000709b00000, 0x0000000709b00000| Untracked 
| 142|0x0000000709c00000, 0x0000000709c00000, 0x0000000709d00000|  0%| F|  |TAMS 0x0000000709c00000, 0x0000000709c00000| Untracked 
| 143|0x0000000709d00000, 0x0000000709d00000, 0x0000000709e00000|  0%| F|  |TAMS 0x0000000709d00000, 0x0000000709d00000| Untracked 
| 144|0x0000000709e00000, 0x0000000709e00000, 0x0000000709f00000|  0%| F|  |TAMS 0x0000000709e00000, 0x0000000709e00000| Untracked 
| 145|0x0000000709f00000, 0x0000000709f00000, 0x000000070a000000|  0%| F|  |TAMS 0x0000000709f00000, 0x0000000709f00000| Untracked 
| 146|0x000000070a000000, 0x000000070a000000, 0x000000070a100000|  0%| F|  |TAMS 0x000000070a000000, 0x000000070a000000| Untracked 
| 147|0x000000070a100000, 0x000000070a100000, 0x000000070a200000|  0%| F|  |TAMS 0x000000070a100000, 0x000000070a100000| Untracked 
| 148|0x000000070a200000, 0x000000070a200000, 0x000000070a300000|  0%| F|  |TAMS 0x000000070a200000, 0x000000070a200000| Untracked 
| 149|0x000000070a300000, 0x000000070a300000, 0x000000070a400000|  0%| F|  |TAMS 0x000000070a300000, 0x000000070a300000| Untracked 
| 150|0x000000070a400000, 0x000000070a400000, 0x000000070a500000|  0%| F|  |TAMS 0x000000070a400000, 0x000000070a400000| Untracked 
| 151|0x000000070a500000, 0x000000070a500000, 0x000000070a600000|  0%| F|  |TAMS 0x000000070a500000, 0x000000070a500000| Untracked 
| 152|0x000000070a600000, 0x000000070a600000, 0x000000070a700000|  0%| F|  |TAMS 0x000000070a600000, 0x000000070a600000| Untracked 
| 153|0x000000070a700000, 0x000000070a700000, 0x000000070a800000|  0%| F|  |TAMS 0x000000070a700000, 0x000000070a700000| Untracked 
| 154|0x000000070a800000, 0x000000070a800000, 0x000000070a900000|  0%| F|  |TAMS 0x000000070a800000, 0x000000070a800000| Untracked 
| 155|0x000000070a900000, 0x000000070a900000, 0x000000070aa00000|  0%| F|  |TAMS 0x000000070a900000, 0x000000070a900000| Untracked 
| 156|0x000000070aa00000, 0x000000070aa00000, 0x000000070ab00000|  0%| F|  |TAMS 0x000000070aa00000, 0x000000070aa00000| Untracked 
| 157|0x000000070ab00000, 0x000000070ab00000, 0x000000070ac00000|  0%| F|  |TAMS 0x000000070ab00000, 0x000000070ab00000| Untracked 
| 158|0x000000070ac00000, 0x000000070ac00000, 0x000000070ad00000|  0%| F|  |TAMS 0x000000070ac00000, 0x000000070ac00000| Untracked 
| 159|0x000000070ad00000, 0x000000070ad00000, 0x000000070ae00000|  0%| F|  |TAMS 0x000000070ad00000, 0x000000070ad00000| Untracked 
| 160|0x000000070ae00000, 0x000000070ae00000, 0x000000070af00000|  0%| F|  |TAMS 0x000000070ae00000, 0x000000070ae00000| Untracked 
| 161|0x000000070af00000, 0x000000070af00000, 0x000000070b000000|  0%| F|  |TAMS 0x000000070af00000, 0x000000070af00000| Untracked 
| 162|0x000000070b000000, 0x000000070b000000, 0x000000070b100000|  0%| F|  |TAMS 0x000000070b000000, 0x000000070b000000| Untracked 
| 163|0x000000070b100000, 0x000000070b100000, 0x000000070b200000|  0%| F|  |TAMS 0x000000070b100000, 0x000000070b100000| Untracked 
| 164|0x000000070b200000, 0x000000070b200000, 0x000000070b300000|  0%| F|  |TAMS 0x000000070b200000, 0x000000070b200000| Untracked 
| 165|0x000000070b300000, 0x000000070b300000, 0x000000070b400000|  0%| F|  |TAMS 0x000000070b300000, 0x000000070b300000| Untracked 
| 166|0x000000070b400000, 0x000000070b400000, 0x000000070b500000|  0%| F|  |TAMS 0x000000070b400000, 0x000000070b400000| Untracked 
| 167|0x000000070b500000, 0x000000070b500000, 0x000000070b600000|  0%| F|  |TAMS 0x000000070b500000, 0x000000070b500000| Untracked 
| 168|0x000000070b600000, 0x000000070b600000, 0x000000070b700000|  0%| F|  |TAMS 0x000000070b600000, 0x000000070b600000| Untracked 
| 169|0x000000070b700000, 0x000000070b700000, 0x000000070b800000|  0%| F|  |TAMS 0x000000070b700000, 0x000000070b700000| Untracked 
| 170|0x000000070b800000, 0x000000070b800000, 0x000000070b900000|  0%| F|  |TAMS 0x000000070b800000, 0x000000070b800000| Untracked 
| 171|0x000000070b900000, 0x000000070b900000, 0x000000070ba00000|  0%| F|  |TAMS 0x000000070b900000, 0x000000070b900000| Untracked 
| 172|0x000000070ba00000, 0x000000070ba00000, 0x000000070bb00000|  0%| F|  |TAMS 0x000000070ba00000, 0x000000070ba00000| Untracked 
| 173|0x000000070bb00000, 0x000000070bb00000, 0x000000070bc00000|  0%| F|  |TAMS 0x000000070bb00000, 0x000000070bb00000| Untracked 
| 174|0x000000070bc00000, 0x000000070bc00000, 0x000000070bd00000|  0%| F|  |TAMS 0x000000070bc00000, 0x000000070bc00000| Untracked 
| 175|0x000000070bd00000, 0x000000070bd00000, 0x000000070be00000|  0%| F|  |TAMS 0x000000070bd00000, 0x000000070bd00000| Untracked 
| 176|0x000000070be00000, 0x000000070be00000, 0x000000070bf00000|  0%| F|  |TAMS 0x000000070be00000, 0x000000070be00000| Untracked 
| 177|0x000000070bf00000, 0x000000070bf00000, 0x000000070c000000|  0%| F|  |TAMS 0x000000070bf00000, 0x000000070bf00000| Untracked 
| 178|0x000000070c000000, 0x000000070c000000, 0x000000070c100000|  0%| F|  |TAMS 0x000000070c000000, 0x000000070c000000| Untracked 
| 179|0x000000070c100000, 0x000000070c100000, 0x000000070c200000|  0%| F|  |TAMS 0x000000070c100000, 0x000000070c100000| Untracked 
| 180|0x000000070c200000, 0x000000070c200000, 0x000000070c300000|  0%| F|  |TAMS 0x000000070c200000, 0x000000070c200000| Untracked 
| 181|0x000000070c300000, 0x000000070c300000, 0x000000070c400000|  0%| F|  |TAMS 0x000000070c300000, 0x000000070c300000| Untracked 
| 182|0x000000070c400000, 0x000000070c400000, 0x000000070c500000|  0%| F|  |TAMS 0x000000070c400000, 0x000000070c400000| Untracked 
| 183|0x000000070c500000, 0x000000070c500000, 0x000000070c600000|  0%| F|  |TAMS 0x000000070c500000, 0x000000070c500000| Untracked 
| 184|0x000000070c600000, 0x000000070c600000, 0x000000070c700000|  0%| F|  |TAMS 0x000000070c600000, 0x000000070c600000| Untracked 
| 185|0x000000070c700000, 0x000000070c700000, 0x000000070c800000|  0%| F|  |TAMS 0x000000070c700000, 0x000000070c700000| Untracked 
| 186|0x000000070c800000, 0x000000070c800000, 0x000000070c900000|  0%| F|  |TAMS 0x000000070c800000, 0x000000070c800000| Untracked 
| 187|0x000000070c900000, 0x000000070c900000, 0x000000070ca00000|  0%| F|  |TAMS 0x000000070c900000, 0x000000070c900000| Untracked 
| 188|0x000000070ca00000, 0x000000070ca00000, 0x000000070cb00000|  0%| F|  |TAMS 0x000000070ca00000, 0x000000070ca00000| Untracked 
| 189|0x000000070cb00000, 0x000000070cb00000, 0x000000070cc00000|  0%| F|  |TAMS 0x000000070cb00000, 0x000000070cb00000| Untracked 
| 190|0x000000070cc00000, 0x000000070cc00000, 0x000000070cd00000|  0%| F|  |TAMS 0x000000070cc00000, 0x000000070cc00000| Untracked 
| 191|0x000000070cd00000, 0x000000070cd00000, 0x000000070ce00000|  0%| F|  |TAMS 0x000000070cd00000, 0x000000070cd00000| Untracked 
| 192|0x000000070ce00000, 0x000000070ce00000, 0x000000070cf00000|  0%| F|  |TAMS 0x000000070ce00000, 0x000000070ce00000| Untracked 
| 193|0x000000070cf00000, 0x000000070cf00000, 0x000000070d000000|  0%| F|  |TAMS 0x000000070cf00000, 0x000000070cf00000| Untracked 
| 194|0x000000070d000000, 0x000000070d000000, 0x000000070d100000|  0%| F|  |TAMS 0x000000070d000000, 0x000000070d000000| Untracked 
| 195|0x000000070d100000, 0x000000070d100000, 0x000000070d200000|  0%| F|  |TAMS 0x000000070d100000, 0x000000070d100000| Untracked 
| 196|0x000000070d200000, 0x000000070d200000, 0x000000070d300000|  0%| F|  |TAMS 0x000000070d200000, 0x000000070d200000| Untracked 
| 197|0x000000070d300000, 0x000000070d300000, 0x000000070d400000|  0%| F|  |TAMS 0x000000070d300000, 0x000000070d300000| Untracked 
| 198|0x000000070d400000, 0x000000070d400000, 0x000000070d500000|  0%| F|  |TAMS 0x000000070d400000, 0x000000070d400000| Untracked 
| 199|0x000000070d500000, 0x000000070d500000, 0x000000070d600000|  0%| F|  |TAMS 0x000000070d500000, 0x000000070d500000| Untracked 
| 200|0x000000070d600000, 0x000000070d600000, 0x000000070d700000|  0%| F|  |TAMS 0x000000070d600000, 0x000000070d600000| Untracked 
| 201|0x000000070d700000, 0x000000070d700000, 0x000000070d800000|  0%| F|  |TAMS 0x000000070d700000, 0x000000070d700000| Untracked 
| 202|0x000000070d800000, 0x000000070d800000, 0x000000070d900000|  0%| F|  |TAMS 0x000000070d800000, 0x000000070d800000| Untracked 
| 203|0x000000070d900000, 0x000000070d900000, 0x000000070da00000|  0%| F|  |TAMS 0x000000070d900000, 0x000000070d900000| Untracked 
| 204|0x000000070da00000, 0x000000070da00000, 0x000000070db00000|  0%| F|  |TAMS 0x000000070da00000, 0x000000070da00000| Untracked 
| 205|0x000000070db00000, 0x000000070db00000, 0x000000070dc00000|  0%| F|  |TAMS 0x000000070db00000, 0x000000070db00000| Untracked 
| 206|0x000000070dc00000, 0x000000070dc00000, 0x000000070dd00000|  0%| F|  |TAMS 0x000000070dc00000, 0x000000070dc00000| Untracked 
| 207|0x000000070dd00000, 0x000000070dd00000, 0x000000070de00000|  0%| F|  |TAMS 0x000000070dd00000, 0x000000070dd00000| Untracked 
| 208|0x000000070de00000, 0x000000070de00000, 0x000000070df00000|  0%| F|  |TAMS 0x000000070de00000, 0x000000070de00000| Untracked 
| 209|0x000000070df00000, 0x000000070df00000, 0x000000070e000000|  0%| F|  |TAMS 0x000000070df00000, 0x000000070df00000| Untracked 
| 210|0x000000070e000000, 0x000000070e000000, 0x000000070e100000|  0%| F|  |TAMS 0x000000070e000000, 0x000000070e000000| Untracked 
| 211|0x000000070e100000, 0x000000070e100000, 0x000000070e200000|  0%| F|  |TAMS 0x000000070e100000, 0x000000070e100000| Untracked 
| 212|0x000000070e200000, 0x000000070e200000, 0x000000070e300000|  0%| F|  |TAMS 0x000000070e200000, 0x000000070e200000| Untracked 
| 213|0x000000070e300000, 0x000000070e300000, 0x000000070e400000|  0%| F|  |TAMS 0x000000070e300000, 0x000000070e300000| Untracked 
| 214|0x000000070e400000, 0x000000070e400000, 0x000000070e500000|  0%| F|  |TAMS 0x000000070e400000, 0x000000070e400000| Untracked 
| 215|0x000000070e500000, 0x000000070e500000, 0x000000070e600000|  0%| F|  |TAMS 0x000000070e500000, 0x000000070e500000| Untracked 
| 216|0x000000070e600000, 0x000000070e600000, 0x000000070e700000|  0%| F|  |TAMS 0x000000070e600000, 0x000000070e600000| Untracked 
| 217|0x000000070e700000, 0x000000070e700000, 0x000000070e800000|  0%| F|  |TAMS 0x000000070e700000, 0x000000070e700000| Untracked 
| 218|0x000000070e800000, 0x000000070e800000, 0x000000070e900000|  0%| F|  |TAMS 0x000000070e800000, 0x000000070e800000| Untracked 
| 219|0x000000070e900000, 0x000000070e900000, 0x000000070ea00000|  0%| F|  |TAMS 0x000000070e900000, 0x000000070e900000| Untracked 
| 220|0x000000070ea00000, 0x000000070ea00000, 0x000000070eb00000|  0%| F|  |TAMS 0x000000070ea00000, 0x000000070ea00000| Untracked 
| 221|0x000000070eb00000, 0x000000070eb00000, 0x000000070ec00000|  0%| F|  |TAMS 0x000000070eb00000, 0x000000070eb00000| Untracked 
| 222|0x000000070ec00000, 0x000000070ec00000, 0x000000070ed00000|  0%| F|  |TAMS 0x000000070ec00000, 0x000000070ec00000| Untracked 
| 223|0x000000070ed00000, 0x000000070ed00000, 0x000000070ee00000|  0%| F|  |TAMS 0x000000070ed00000, 0x000000070ed00000| Untracked 
| 224|0x000000070ee00000, 0x000000070ee00000, 0x000000070ef00000|  0%| F|  |TAMS 0x000000070ee00000, 0x000000070ee00000| Untracked 
| 225|0x000000070ef00000, 0x000000070ef00000, 0x000000070f000000|  0%| F|  |TAMS 0x000000070ef00000, 0x000000070ef00000| Untracked 
| 226|0x000000070f000000, 0x000000070f000000, 0x000000070f100000|  0%| F|  |TAMS 0x000000070f000000, 0x000000070f000000| Untracked 
| 227|0x000000070f100000, 0x000000070f100000, 0x000000070f200000|  0%| F|  |TAMS 0x000000070f100000, 0x000000070f100000| Untracked 
| 228|0x000000070f200000, 0x000000070f200000, 0x000000070f300000|  0%| F|  |TAMS 0x000000070f200000, 0x000000070f200000| Untracked 
| 229|0x000000070f300000, 0x000000070f300000, 0x000000070f400000|  0%| F|  |TAMS 0x000000070f300000, 0x000000070f300000| Untracked 
| 230|0x000000070f400000, 0x000000070f400000, 0x000000070f500000|  0%| F|  |TAMS 0x000000070f400000, 0x000000070f400000| Untracked 
| 231|0x000000070f500000, 0x000000070f500000, 0x000000070f600000|  0%| F|  |TAMS 0x000000070f500000, 0x000000070f500000| Untracked 
| 232|0x000000070f600000, 0x000000070f600000, 0x000000070f700000|  0%| F|  |TAMS 0x000000070f600000, 0x000000070f600000| Untracked 
| 233|0x000000070f700000, 0x000000070f700000, 0x000000070f800000|  0%| F|  |TAMS 0x000000070f700000, 0x000000070f700000| Untracked 
| 234|0x000000070f800000, 0x000000070f800000, 0x000000070f900000|  0%| F|  |TAMS 0x000000070f800000, 0x000000070f800000| Untracked 
| 235|0x000000070f900000, 0x000000070f900000, 0x000000070fa00000|  0%| F|  |TAMS 0x000000070f900000, 0x000000070f900000| Untracked 
| 236|0x000000070fa00000, 0x000000070fa00000, 0x000000070fb00000|  0%| F|  |TAMS 0x000000070fa00000, 0x000000070fa00000| Untracked 
| 237|0x000000070fb00000, 0x000000070fb00000, 0x000000070fc00000|  0%| F|  |TAMS 0x000000070fb00000, 0x000000070fb00000| Untracked 
| 238|0x000000070fc00000, 0x000000070fd00000, 0x000000070fd00000|100%| E|  |TAMS 0x000000070fc00000, 0x000000070fc00000| Complete 
| 239|0x000000070fd00000, 0x000000070fe00000, 0x000000070fe00000|100%| E|CS|TAMS 0x000000070fd00000, 0x000000070fd00000| Complete 
| 240|0x000000070fe00000, 0x000000070ff00000, 0x000000070ff00000|100%| E|CS|TAMS 0x000000070fe00000, 0x000000070fe00000| Complete 
| 241|0x000000070ff00000, 0x0000000710000000, 0x0000000710000000|100%| E|CS|TAMS 0x000000070ff00000, 0x000000070ff00000| Complete 
| 242|0x0000000710000000, 0x0000000710100000, 0x0000000710100000|100%| E|CS|TAMS 0x0000000710000000, 0x0000000710000000| Complete 
| 243|0x0000000710100000, 0x0000000710200000, 0x0000000710200000|100%| E|CS|TAMS 0x0000000710100000, 0x0000000710100000| Complete 
| 244|0x0000000710200000, 0x0000000710300000, 0x0000000710300000|100%| E|CS|TAMS 0x0000000710200000, 0x0000000710200000| Complete 
| 245|0x0000000710300000, 0x0000000710400000, 0x0000000710400000|100%| E|CS|TAMS 0x0000000710300000, 0x0000000710300000| Complete 
| 246|0x0000000710400000, 0x0000000710500000, 0x0000000710500000|100%| E|CS|TAMS 0x0000000710400000, 0x0000000710400000| Complete 
| 247|0x0000000710500000, 0x0000000710600000, 0x0000000710600000|100%| E|CS|TAMS 0x0000000710500000, 0x0000000710500000| Complete 
| 248|0x0000000710600000, 0x0000000710700000, 0x0000000710700000|100%| E|CS|TAMS 0x0000000710600000, 0x0000000710600000| Complete 
| 249|0x0000000710700000, 0x0000000710800000, 0x0000000710800000|100%| E|CS|TAMS 0x0000000710700000, 0x0000000710700000| Complete 
| 250|0x0000000710800000, 0x0000000710900000, 0x0000000710900000|100%| E|CS|TAMS 0x0000000710800000, 0x0000000710800000| Complete 
| 251|0x0000000710900000, 0x0000000710a00000, 0x0000000710a00000|100%| E|CS|TAMS 0x0000000710900000, 0x0000000710900000| Complete 
| 252|0x0000000710a00000, 0x0000000710b00000, 0x0000000710b00000|100%| E|CS|TAMS 0x0000000710a00000, 0x0000000710a00000| Complete 
| 253|0x0000000710b00000, 0x0000000710c00000, 0x0000000710c00000|100%| E|CS|TAMS 0x0000000710b00000, 0x0000000710b00000| Complete 
| 254|0x0000000710c00000, 0x0000000710d00000, 0x0000000710d00000|100%| E|CS|TAMS 0x0000000710c00000, 0x0000000710c00000| Complete 
| 255|0x0000000710d00000, 0x0000000710e00000, 0x0000000710e00000|100%| E|CS|TAMS 0x0000000710d00000, 0x0000000710d00000| Complete 

Card table byte_map: [0x00000267e8cf0000,0x00000267e94f0000] _byte_map_base: 0x00000267e54e9000

Marking Bits (Prev, Next): (CMBitMap*) 0x00000267d027c4c8, (CMBitMap*) 0x00000267d027c508
 Prev Bits: [0x00000267e9cf0000, 0x00000267edcb8000)
 Next Bits: [0x00000267edcc0000, 0x00000267f1c88000)

Polling page: 0x00000267ce9d0000

Metaspace:

Usage:
  Non-class:      7.90 MB capacity,     5.17 MB ( 66%) used,     2.72 MB ( 34%) free+waste,     8.75 KB ( <1%) overhead. 
      Class:    602.00 KB capacity,   283.63 KB ( 47%) used,   314.75 KB ( 52%) free+waste,     3.63 KB ( <1%) overhead. 
       Both:      8.49 MB capacity,     5.45 MB ( 64%) used,     3.02 MB ( 36%) free+waste,    12.38 KB ( <1%) overhead. 

Virtual space:
  Non-class space:        8.00 MB reserved,       8.00 MB (100%) committed 
      Class space:        1.00 GB reserved,     640.00 KB ( <1%) committed 
             Both:        1.01 GB reserved,       8.63 MB ( <1%) committed 

Chunk freelists:
   Non-Class:  105.00 KB
       Class:  6.00 KB
        Both:  111.00 KB

MaxMetaspaceSize: 17179869184.00 GB
CompressedClassSpaceSize: 1.00 GB

CodeHeap 'non-profiled nmethods': size=120000Kb used=233Kb max_used=233Kb free=119766Kb
 bounds [0x00000267e01f0000, 0x00000267e0460000, 0x00000267e7720000]
CodeHeap 'profiled nmethods': size=120000Kb used=1364Kb max_used=1364Kb free=118635Kb
 bounds [0x00000267d8cc0000, 0x00000267d8f30000, 0x00000267e01f0000]
CodeHeap 'non-nmethods': size=5760Kb used=1568Kb max_used=1580Kb free=4191Kb
 bounds [0x00000267d8720000, 0x00000267d8990000, 0x00000267d8cc0000]
 total_blobs=2115 nmethods=736 adapters=850
 compilation: enabled
              stopped_count=0, restarted_count=0
 full_count=0

Compilation events (20 events):
Event: 1.022 Thread 0x00000267f5315800 nmethod 724 0x00000267d8e07f90 code [0x00000267d8e08180, 0x00000267d8e088b0]
Event: 1.022 Thread 0x00000267f5315800  725       3       sun.net.www.protocol.jar.Handler::parseURL (212 bytes)
Event: 1.024 Thread 0x00000267f5315800 nmethod 725 0x00000267d8e08a90 code [0x00000267d8e08e20, 0x00000267d8e0a250]
Event: 1.024 Thread 0x00000267f5315800  726       3       sun.net.www.protocol.jar.Handler::indexOfBangSlash (52 bytes)
Event: 1.024 Thread 0x00000267f5315800 nmethod 726 0x00000267d8e0ab10 code [0x00000267d8e0ad80, 0x00000267d8e0b8c0]
Event: 1.024 Thread 0x00000267f5315800  728       3       java.lang.ClassLoader::postDefineClass (39 bytes)
Event: 1.024 Thread 0x00000267f5315800 nmethod 728 0x00000267d8e0bc90 code [0x00000267d8e0be80, 0x00000267d8e0c220]
Event: 1.024 Thread 0x00000267f5315800  727       3       java.net.URLStreamHandler::setURL (159 bytes)
Event: 1.025 Thread 0x00000267f5315800 nmethod 727 0x00000267d8e0c410 code [0x00000267d8e0c780, 0x00000267d8e0dcd0]
Event: 1.026 Thread 0x00000267f5315800  729       3       jdk.internal.loader.Resource::getByteBuffer (24 bytes)
Event: 1.027 Thread 0x00000267f5315800 nmethod 729 0x00000267d8e0e490 code [0x00000267d8e0e680, 0x00000267d8e0ef00]
Event: 1.027 Thread 0x00000267f5315800  730   !   3       jdk.internal.loader.Resource::getBytes (244 bytes)
Event: 1.028 Thread 0x00000267f5315800 nmethod 730 0x00000267d8e0f090 code [0x00000267d8e0f3c0, 0x00000267d8e10eb0]
Event: 1.028 Thread 0x00000267f5315800  731       3       java.lang.Thread::interrupted (8 bytes)
Event: 1.028 Thread 0x00000267f5315800 nmethod 731 0x00000267d8e11890 code [0x00000267d8e11a40, 0x00000267d8e11bd0]
Event: 1.028 Thread 0x00000267f5315800  733       3       java.security.SecureClassLoader::defineClass (16 bytes)
Event: 1.028 Thread 0x00000267f5315800 nmethod 733 0x00000267d8e11c90 code [0x00000267d8e11e40, 0x00000267d8e12060]
Event: 1.028 Thread 0x00000267f5315800  735       3       jdk.internal.jimage.ImageStringsReader::charsFromByteBufferLength (47 bytes)
Event: 1.028 Thread 0x00000267f5315800 nmethod 735 0x00000267d8e12190 code [0x00000267d8e12380, 0x00000267d8e12880]
Event: 1.029 Thread 0x00000267f5315800  736       3       jdk.internal.jimage.ImageStringsReader::charsFromByteBuffer (186 bytes)

GC Heap History (0 events):
No events

Deoptimization events (20 events):
Event: 0.056 Thread 0x00000267d020e000 DEOPT PACKING pc=0x00000267e01f4f2c sp=0x00000087d47fe1b0
Event: 0.056 Thread 0x00000267d020e000 DEOPT UNPACKING pc=0x00000267d876912f sp=0x00000087d47fe140 mode 2
Event: 0.098 Thread 0x00000267d020e000 DEOPT PACKING pc=0x00000267d8cf7f74 sp=0x00000087d47fcff0
Event: 0.098 Thread 0x00000267d020e000 DEOPT UNPACKING pc=0x00000267d876964e sp=0x00000087d47fc448 mode 0
Event: 0.100 Thread 0x00000267d020e000 DEOPT PACKING pc=0x00000267d8cfabb2 sp=0x00000087d47f8f50
Event: 0.100 Thread 0x00000267d020e000 DEOPT UNPACKING pc=0x00000267d876964e sp=0x00000087d47f83b8 mode 0
Event: 0.102 Thread 0x00000267d020e000 DEOPT PACKING pc=0x00000267d8ce7cd0 sp=0x00000087d47f8100
Event: 0.102 Thread 0x00000267d020e000 DEOPT UNPACKING pc=0x00000267d876964e sp=0x00000087d47f7588 mode 0
Event: 0.134 Thread 0x00000267d020e000 Uncommon trap: trap_request=0xffffff45 fr.pc=0x00000267e0209190 relative=0x0000000000000070
Event: 0.134 Thread 0x00000267d020e000 Uncommon trap: reason=unstable_if action=reinterpret pc=0x00000267e0209190 method=java.io.WinNTFileSystem.isSlash(C)Z @ 9 c2
Event: 0.134 Thread 0x00000267d020e000 DEOPT PACKING pc=0x00000267e0209190 sp=0x00000087d47fa820
Event: 0.134 Thread 0x00000267d020e000 DEOPT UNPACKING pc=0x00000267d876912f sp=0x00000087d47fa7a8 mode 2
Event: 0.168 Thread 0x00000267d020e000 Uncommon trap: trap_request=0xffffff45 fr.pc=0x00000267e01f7a64 relative=0x0000000000000044
Event: 0.168 Thread 0x00000267d020e000 Uncommon trap: reason=unstable_if action=reinterpret pc=0x00000267e01f7a64 method=java.lang.CharacterData.of(I)Ljava/lang/CharacterData; @ 4 c2
Event: 0.168 Thread 0x00000267d020e000 DEOPT PACKING pc=0x00000267e01f7a64 sp=0x00000087d47fb190
Event: 0.168 Thread 0x00000267d020e000 DEOPT UNPACKING pc=0x00000267d876912f sp=0x00000087d47fb130 mode 2
Event: 0.884 Thread 0x00000267d020e000 Uncommon trap: trap_request=0xffffff54 fr.pc=0x00000267e021b990 relative=0x0000000000000070
Event: 0.884 Thread 0x00000267d020e000 Uncommon trap: reason=speculate_null_assert action=make_not_entrant pc=0x00000267e021b990 method=sun.misc.Unsafe.putLong(Ljava/lang/Object;JJ)V @ 7 c2
Event: 0.884 Thread 0x00000267d020e000 DEOPT PACKING pc=0x00000267e021b990 sp=0x00000087d47ff0b0
Event: 0.884 Thread 0x00000267d020e000 DEOPT UNPACKING pc=0x00000267d876912f sp=0x00000087d47ff028 mode 2

Classes unloaded (0 events):
No events

Classes redefined (0 events):
No events

Internal exceptions (10 events):
Event: 0.117 Thread 0x00000267d020e000 Exception <a 'java/lang/NoSuchMethodError'{0x0000000710a6d1b8}: 'void java.lang.invoke.DelegatingMethodHandle$Holder.delegate(java.lang.Object, java.lang.Object, int, java.lang.Object)'> (0x0000000710a6d1b8) 
thrown [t:/workspace/open/src/hotspot/share/interpreter/linkResolver.cpp, line 767]
Event: 0.118 Thread 0x00000267d020e000 Exception <a 'java/lang/NoSuchMethodError'{0x0000000710a73f10}: 'java.lang.Object java.lang.invoke.DirectMethodHandle$Holder.invokeStaticInit(java.lang.Object, java.lang.Object, java.lang.Object)'> (0x0000000710a73f10) 
thrown [t:/workspace/open/src/hotspot/share/interpreter/linkResolver.cpp, line 767]
Event: 0.155 Thread 0x00000267d020e000 Exception <a 'sun/nio/fs/WindowsException'{0x0000000710943b78}> (0x0000000710943b78) 
thrown [t:/workspace/open/src/hotspot/share/prims/jni.cpp, line 598]
Event: 0.155 Thread 0x00000267d020e000 Exception <a 'sun/nio/fs/WindowsException'{0x00000007109440d0}> (0x00000007109440d0) 
thrown [t:/workspace/open/src/hotspot/share/prims/jni.cpp, line 598]
Event: 0.193 Thread 0x00000267d020e000 Exception <a 'sun/nio/fs/WindowsException'{0x00000007108e8348}> (0x00000007108e8348) 
thrown [t:/workspace/open/src/hotspot/share/prims/jni.cpp, line 598]
Event: 0.193 Thread 0x00000267d020e000 Exception <a 'sun/nio/fs/WindowsException'{0x00000007108e86b8}> (0x00000007108e86b8) 
thrown [t:/workspace/open/src/hotspot/share/prims/jni.cpp, line 598]
Event: 0.853 Thread 0x00000267d020e000 Exception <a 'sun/nio/fs/WindowsException'{0x00000007107e24d0}> (0x00000007107e24d0) 
thrown [t:/workspace/open/src/hotspot/share/prims/jni.cpp, line 598]
Event: 0.853 Thread 0x00000267d020e000 Exception <a 'sun/nio/fs/WindowsException'{0x00000007107e2880}> (0x00000007107e2880) 
thrown [t:/workspace/open/src/hotspot/share/prims/jni.cpp, line 598]
Event: 0.857 Thread 0x00000267d020e000 Exception <a 'sun/nio/fs/WindowsException'{0x00000007107fd938}> (0x00000007107fd938) 
thrown [t:/workspace/open/src/hotspot/share/prims/jni.cpp, line 598]
Event: 0.857 Thread 0x00000267d020e000 Exception <a 'sun/nio/fs/WindowsException'{0x00000007107fdc20}> (0x00000007107fdc20) 
thrown [t:/workspace/open/src/hotspot/share/prims/jni.cpp, line 598]

Events (20 events):
Event: 1.021 loading class org/lwjgl/opengl/GL15C
Event: 1.021 loading class org/lwjgl/opengl/GL15C done
Event: 1.022 loading class org/lwjgl/opengl/GL14C
Event: 1.022 loading class org/lwjgl/opengl/GL14C done
Event: 1.022 loading class org/lwjgl/opengl/GL13C
Event: 1.022 loading class org/lwjgl/opengl/GL13C done
Event: 1.023 loading class org/lwjgl/opengl/GL12C
Event: 1.023 loading class org/lwjgl/opengl/GL12C done
Event: 1.026 loading class QuadShader
Event: 1.026 loading class QuadShader done
Event: 1.027 loading class ShaderProgram
Event: 1.027 loading class ShaderProgram done
Event: 1.028 loading class java/lang/AssertionError
Event: 1.028 loading class java/lang/AssertionError done
Event: 1.029 loading class sun/net/ProgressMonitor
Event: 1.029 loading class sun/net/ProgressMonitor done
Event: 1.029 loading class sun/net/DefaultProgressMeteringPolicy
Event: 1.029 loading class sun/net/ProgressMeteringPolicy
Event: 1.029 loading class sun/net/ProgressMeteringPolicy done
Event: 1.029 loading class sun/net/DefaultProgressMeteringPolicy done


Dynamic libraries:
0x00007ff7f8090000 - 0x00007ff7f809f000 	C:\Program Files\Java\jdk-13.0.1\bin\java.exe
0x00007ffa7f5d0000 - 0x00007ffa7f7c5000 	C:\WINDOWS\SYSTEM32\ntdll.dll
0x00007ffa7ece0000 - 0x00007ffa7ed9d000 	C:\WINDOWS\System32\KERNEL32.DLL
0x00007ffa7d360000 - 0x00007ffa7d629000 	C:\WINDOWS\System32\KERNELBASE.dll
0x00007ffa7cf10000 - 0x00007ffa7d010000 	C:\WINDOWS\System32\ucrtbase.dll
0x00007ffa6eee0000 - 0x00007ffa6eef5000 	C:\Program Files\Java\jdk-13.0.1\bin\VCRUNTIME140.dll
0x00007ffa6f330000 - 0x00007ffa6f348000 	C:\Program Files\Java\jdk-13.0.1\bin\jli.dll
0x00007ffa7dbe0000 - 0x00007ffa7dc8c000 	C:\WINDOWS\System32\ADVAPI32.dll
0x00007ffa7e4d0000 - 0x00007ffa7e56e000 	C:\WINDOWS\System32\msvcrt.dll
0x00007ffa7ef90000 - 0x00007ffa7f02c000 	C:\WINDOWS\System32\sechost.dll
0x00007ffa7eda0000 - 0x00007ffa7eecb000 	C:\WINDOWS\System32\RPCRT4.dll
0x00007ffa7e750000 - 0x00007ffa7e8f0000 	C:\WINDOWS\System32\USER32.dll
0x00007ffa7d330000 - 0x00007ffa7d352000 	C:\WINDOWS\System32\win32u.dll
0x00007ffa68420000 - 0x00007ffa686ba000 	C:\WINDOWS\WinSxS\amd64_microsoft.windows.common-controls_6595b64144ccf1df_6.0.19041.844_none_ca00b6081b84eb1d\COMCTL32.dll
0x00007ffa7e910000 - 0x00007ffa7e93a000 	C:\WINDOWS\System32\GDI32.dll
0x00007ffa7d220000 - 0x00007ffa7d32b000 	C:\WINDOWS\System32\gdi32full.dll
0x00007ffa7ce10000 - 0x00007ffa7cead000 	C:\WINDOWS\System32\msvcp_win.dll
0x00007ffa734e0000 - 0x00007ffa734ea000 	C:\WINDOWS\SYSTEM32\VERSION.dll
0x00007ffa7e570000 - 0x00007ffa7e5a0000 	C:\WINDOWS\System32\IMM32.DLL
0x00007ffa410a0000 - 0x00007ffa4113b000 	C:\Program Files\Java\jdk-13.0.1\bin\msvcp140.dll
0x00007ffa0ec80000 - 0x00007ffa0f7e6000 	C:\Program Files\Java\jdk-13.0.1\bin\server\jvm.dll
0x00007ffa7dbd0000 - 0x00007ffa7dbd8000 	C:\WINDOWS\System32\PSAPI.DLL
0x00007ffa66c50000 - 0x00007ffa66c59000 	C:\WINDOWS\SYSTEM32\WSOCK32.dll
0x00007ffa72860000 - 0x00007ffa72887000 	C:\WINDOWS\SYSTEM32\WINMM.dll
0x00007ffa7eae0000 - 0x00007ffa7eb4b000 	C:\WINDOWS\System32\WS2_32.dll
0x00007ffa7ac50000 - 0x00007ffa7ac62000 	C:\WINDOWS\SYSTEM32\kernel.appcore.dll
0x00007ffa78a40000 - 0x00007ffa78a50000 	C:\Program Files\Java\jdk-13.0.1\bin\verify.dll
0x00007ffa75920000 - 0x00007ffa75b04000 	C:\WINDOWS\SYSTEM32\DBGHELP.DLL
0x00007ffa68ea0000 - 0x00007ffa68ecc000 	C:\WINDOWS\SYSTEM32\dbgcore.DLL
0x00007ffa7d040000 - 0x00007ffa7d0c0000 	C:\WINDOWS\System32\bcryptPrimitives.dll
0x00007ffa6eeb0000 - 0x00007ffa6eed6000 	C:\Program Files\Java\jdk-13.0.1\bin\java.dll
0x00007ffa6dea0000 - 0x00007ffa6deb7000 	C:\Program Files\Java\jdk-13.0.1\bin\zip.dll
0x00007ffa751a0000 - 0x00007ffa751aa000 	C:\Program Files\Java\jdk-13.0.1\bin\jimage.dll
0x00007ffa7dc90000 - 0x00007ffa7e3d2000 	C:\WINDOWS\System32\SHELL32.dll
0x00007ffa7ae50000 - 0x00007ffa7b5e0000 	C:\WINDOWS\SYSTEM32\windows.storage.dll
0x00007ffa7f110000 - 0x00007ffa7f465000 	C:\WINDOWS\System32\combase.dll
0x00007ffa7c6b0000 - 0x00007ffa7c6dc000 	C:\WINDOWS\SYSTEM32\Wldp.dll
0x00007ffa7eed0000 - 0x00007ffa7ef7e000 	C:\WINDOWS\System32\SHCORE.dll
0x00007ffa7ea80000 - 0x00007ffa7ead5000 	C:\WINDOWS\System32\shlwapi.dll
0x00007ffa7cc50000 - 0x00007ffa7cc6f000 	C:\WINDOWS\SYSTEM32\profapi.dll
0x00007ffa6de80000 - 0x00007ffa6de99000 	C:\Program Files\Java\jdk-13.0.1\bin\net.dll
0x00007ffa78660000 - 0x00007ffa7876c000 	C:\WINDOWS\SYSTEM32\WINHTTP.dll
0x00007ffa7c430000 - 0x00007ffa7c49a000 	C:\WINDOWS\system32\mswsock.dll
0x00007ffa6de60000 - 0x00007ffa6de73000 	C:\Program Files\Java\jdk-13.0.1\bin\nio.dll
0x00007ffa3d570000 - 0x00007ffa3d5d4000 	C:\Users\BMBir\AppData\Local\Temp\lwjglBMBir\3.2.3-build-13\lwjgl.dll
0x00007ffa3d500000 - 0x00007ffa3d562000 	C:\Users\BMBir\AppData\Local\Temp\lwjglBMBir\3.2.3-build-13\glfw.dll
0x00007ffa7a790000 - 0x00007ffa7a82e000 	C:\WINDOWS\system32\uxtheme.dll
0x00007ffa6fc00000 - 0x00007ffa6fc45000 	C:\WINDOWS\SYSTEM32\dinput8.dll
0x00007ffa78c60000 - 0x00007ffa78c71000 	C:\WINDOWS\SYSTEM32\xinput1_4.dll
0x00007ffa7cd10000 - 0x00007ffa7cd5e000 	C:\WINDOWS\System32\cfgmgr32.dll
0x00007ffa7cac0000 - 0x00007ffa7caec000 	C:\WINDOWS\SYSTEM32\DEVOBJ.dll
0x00007ffa7a960000 - 0x00007ffa7a98f000 	C:\WINDOWS\SYSTEM32\dwmapi.dll
0x00007ffa72050000 - 0x00007ffa721a2000 	C:\WINDOWS\SYSTEM32\inputhost.dll
0x00007ffa7e9b0000 - 0x00007ffa7ea7d000 	C:\WINDOWS\System32\OLEAUT32.dll
0x00007ffa79960000 - 0x00007ffa79ab4000 	C:\WINDOWS\SYSTEM32\wintypes.dll
0x00007ffa776f0000 - 0x00007ffa777e7000 	C:\WINDOWS\SYSTEM32\PROPSYS.dll
0x00007ffa7a390000 - 0x00007ffa7a482000 	C:\WINDOWS\SYSTEM32\CoreMessaging.dll
0x00007ffa7a030000 - 0x00007ffa7a38e000 	C:\WINDOWS\SYSTEM32\CoreUIComponents.dll
0x00007ffa7ba20000 - 0x00007ffa7ba53000 	C:\WINDOWS\SYSTEM32\ntmarta.dll
0x00007ffa7f470000 - 0x00007ffa7f585000 	C:\WINDOWS\System32\MSCTF.dll
0x00007ffa7b5e0000 - 0x00007ffa7b5ed000 	C:\WINDOWS\SYSTEM32\HID.DLL
0x00007ffa7d630000 - 0x00007ffa7da99000 	C:\WINDOWS\System32\SETUPAPI.DLL
0x00007ffa7d010000 - 0x00007ffa7d037000 	C:\WINDOWS\System32\bcrypt.dll
0x00007ffa7ceb0000 - 0x00007ffa7cf10000 	C:\WINDOWS\System32\WINTRUST.dll
0x00007ffa7d0c0000 - 0x00007ffa7d21f000 	C:\WINDOWS\System32\CRYPT32.dll
0x00007ffa7c900000 - 0x00007ffa7c912000 	C:\WINDOWS\SYSTEM32\MSASN1.dll
0x00007ffa4cb00000 - 0x00007ffa4cc26000 	C:\WINDOWS\SYSTEM32\opengl32.dll
0x00007ffa4e0a0000 - 0x00007ffa4e0cc000 	C:\WINDOWS\SYSTEM32\GLU32.dll
0x00007ffa7ebd0000 - 0x00007ffa7ec79000 	C:\WINDOWS\System32\clbcatq.dll
0x00007ffa4dc10000 - 0x00007ffa4dc3b000 	C:\WINDOWS\System32\DriverStore\FileRepository\c0364033.inf_amd64_6708aefda51896c8\B363860\atig6pxx.dll
0x00007ffa25500000 - 0x00007ffa282db000 	C:\WINDOWS\System32\DriverStore\FileRepository\c0364033.inf_amd64_6708aefda51896c8\B363860\atio6axx.dll
0x00007ffa7daa0000 - 0x00007ffa7dbca000 	C:\WINDOWS\System32\ole32.dll
0x00007ffa63a30000 - 0x00007ffa63a54000 	C:\WINDOWS\SYSTEM32\dxva2.dll
0x00007ffa4ce90000 - 0x00007ffa4cecc000 	C:\WINDOWS\System32\DriverStore\FileRepository\c0364033.inf_amd64_6708aefda51896c8\B363860\atig6txx.dll
0x00007ffa3c630000 - 0x00007ffa3c7ef000 	C:\WINDOWS\SYSTEM32\atiadlxx.dll
0x00007ffa66cd0000 - 0x00007ffa66d19000 	C:\WINDOWS\SYSTEM32\pdh.dll
0x00007ffa728b0000 - 0x00007ffa728eb000 	C:\WINDOWS\SYSTEM32\dxcore.dll
0x00007ffa3cde0000 - 0x00007ffa3ce39000 	C:\Users\BMBir\AppData\Local\Temp\lwjglBMBir\3.2.3-build-13\lwjgl_opengl.dll
0x00007ffa722b0000 - 0x00007ffa723ab000 	C:\WINDOWS\SYSTEM32\textinputframework.dll

dbghelp: loaded successfully - version: 4.0.5 - missing functions: none
symbol engine: initialized successfully - sym options: 0x614 - pdb path: .;C:\Program Files\Java\jdk-13.0.1\bin;C:\WINDOWS\SYSTEM32;C:\WINDOWS\WinSxS\amd64_microsoft.windows.common-controls_6595b64144ccf1df_6.0.19041.844_none_ca00b6081b84eb1d;C:\Program Files\Java\jdk-13.0.1\bin\server;C:\Users\BMBir\AppData\Local\Temp\lwjglBMBir\3.2.3-build-13;C:\WINDOWS\System32\DriverStore\FileRepository\c0364033.inf_amd64_6708aefda51896c8\B363860

VM Arguments:
jvm_args: -Dfile.encoding=windows-1252 -Duser.country=GB -Duser.language=en -Duser.variant 
java_command: Main
java_class_path (initial): D:\RTX\build\classes\java\main;D:\RTX\build\resources\main;C:\Users\BMBir\.gradle\caches\modules-2\files-2.1\org.lwjgl\lwjgl-assimp\3.2.3\f62aa07a20afbdd3097efc296c4841e0d29700eb\lwjgl-assimp-3.2.3.jar;C:\Users\BMBir\.gradle\caches\modules-2\files-2.1\org.lwjgl\lwjgl-assimp\3.2.3\4e60aeb75f0343c4a9ede4ef8b6b32ca702a00a3\lwjgl-assimp-3.2.3-natives-windows.jar;C:\Users\BMBir\.gradle\caches\modules-2\files-2.1\org.lwjgl\lwjgl-glfw\3.2.3\5e520d5c290c8b012545a8d34fa5db5ab051ea53\lwjgl-glfw-3.2.3.jar;C:\Users\BMBir\.gradle\caches\modules-2\files-2.1\org.lwjgl\lwjgl-glfw\3.2.3\b4d8a3477cdc2edcf7a5f1e822926be846223f54\lwjgl-glfw-3.2.3-natives-windows.jar;C:\Users\BMBir\.gradle\caches\modules-2\files-2.1\org.lwjgl\lwjgl-openal\3.2.3\106742e805803ab9eab8e343f0fb31a3d263903c\lwjgl-openal-3.2.3.jar;C:\Users\BMBir\.gradle\caches\modules-2\files-2.1\org.lwjgl\lwjgl-openal\3.2.3\ec898e8ce11b5886f4f532a1536283ef2817758d\lwjgl-openal-3.2.3-natives-windows.jar;C:\Users\BMBir\.gradle\caches\modules-2\files-2.1\org.lwjgl\lwjgl-opengl\3.2.3\bdd534a323d0c8f54969b95e424b6ac8984f7d6e\lwjgl-opengl-3.2.3.jar;C:\Users\BMBir\.gradle\caches\modules-2\files-2.1\org.lwjgl\lwjgl-opengl\3.2.3\e81cfc73ec8708e5e791ed770e4ec3edfc1bbab1\lwjgl-opengl-3.2.3-natives-windows.jar;C:\Users\BMBir\.gradle\caches\modules-2\files-2.1\org.lwjgl\lwjgl-stb\3.2.3\40eccaa4fa86fc815f2e17946a392fb5fdcc286a\lwjgl-stb-3.2.3.jar;C:\Users\BMBir\.gradle\caches\modules-2\files-2.1\org.lwjgl\lwjgl-stb\3.2.3\817b21ec286f0ba3dcedb56a3bd275e6a9345be9\lwjgl-stb-3.2.3-natives-windows.jar;C:\Users\BMBir\.gradle\caches\modules-2\files-2.1\org.lwjgl\lwjgl\3.2.3\17a59ba0fe8d474ec9dbe0d5db40d2cfe59c4c08\lwjgl-3.2.3.jar;C:\Users\BMBir\.gradle\caches\modules-2\files-2.1\org.lwjgl\lwjgl\3.2.3\27f32cd35349684745951e04388e8e00d681cdcd\lwjgl-3.2.3-natives-windows.jar;C:\Users\BMBir\.gradle\caches\modules-2\files-2.1\org.joml\joml\1.10.1\9825ac51cb8d274e23d4ad685b355e87afdaff06\joml-1.10.1.jar
Launcher Type: SUN_STANDARD

[Global flags]
     intx CICompilerCount                          = 4                                         {product} {ergonomic}
     uint ConcGCThreads                            = 3                                         {product} {ergonomic}
     uint G1ConcRefinementThreads                  = 10                                        {product} {ergonomic}
   size_t G1HeapRegionSize                         = 1048576                                   {product} {ergonomic}
    uintx GCDrainStackTargetSize                   = 64                                        {product} {ergonomic}
   size_t InitialHeapSize                          = 268435456                                 {product} {ergonomic}
   size_t MarkStackSize                            = 4194304                                   {product} {ergonomic}
   size_t MaxHeapSize                              = 4280287232                                {product} {ergonomic}
   size_t MaxNewSize                               = 2567962624                                {product} {ergonomic}
   size_t MinHeapDeltaBytes                        = 1048576                                   {product} {ergonomic}
   size_t MinHeapSize                              = 8388608                                   {product} {ergonomic}
    uintx NonNMethodCodeHeapSize                   = 5836300                                {pd product} {ergonomic}
    uintx NonProfiledCodeHeapSize                  = 122910970                              {pd product} {ergonomic}
    uintx ProfiledCodeHeapSize                     = 122910970                              {pd product} {ergonomic}
    uintx ReservedCodeCacheSize                    = 251658240                              {pd product} {ergonomic}
     bool SegmentedCodeCache                       = true                                      {product} {ergonomic}
   size_t SoftMaxHeapSize                          = 4280287232                             {manageable} {ergonomic}
     bool UseCompressedClassPointers               = true                                 {lp64_product} {ergonomic}
     bool UseCompressedOops                        = true                                 {lp64_product} {ergonomic}
     bool UseG1GC                                  = true                                      {product} {ergonomic}
     bool UseLargePagesIndividualAllocation        = false                                  {pd product} {ergonomic}

Logging:
Log output configuration:
 #0: stdout all=warning uptime,level,tags
 #1: stderr all=off uptime,level,tags

Environment Variables:
PATH=C:\Python38\Scripts\;C:\Python38\;C:\Windows\System32;C:\Windows;C:\Windows\System32\wbem;C:\Windows\System32\WindowsPowerShell\v1.0\;C:\Windows\System32\OpenSSH\;C:\Program Files\Microsoft VS Code\bin;C:\Program Files\Git\cmd;C:\Program Files (x86)\GnuPG\bin;C:\Program Files\Java\jdk-14\bin;C:\Program Files\nodejs\;C:\ProgramData\chocolatey\bin;E:\Matlab\bin;C:\Program Files\PuTTY\;C:\Users\BMBir\AppData\Local\Programs\Python\Python37\Scripts\;C:\Users\BMBir\AppData\Local\Programs\Python\Python37\;C:\Users\BMBir\.cargo\bin;C:\Users\BMBir\AppData\Local\Microsoft\WindowsApps;C:\Program Files\JetBrains\IntelliJ IDEA 2019.2.3\bin;C:\MinGW\bin;C:\Program Files\ffmpeg-20200223-90913ab-win64-static\bin;C:\Users\BMBir\AppData\Roaming\npm;C:\WINDOWS\system32;C:\Windows;C:\WINDOWS\system32\Wbem;C:\WINDOWS\system32\WindowsPowerShell\v1.0\;C:\WINDOWS\system32\OpenSSH\;C:\Program Files\MATLAB\R2019a\runtime\win64;C:\Program Files\MATLAB\R2019a\bin;C:\Program Files (x86)\GitHub CLI\;C:\Program Files\Java\javafx-sdk-11.0.2\bin;C:\Users\BMBir\AppData\Local\gitkraken\bin;C:\Users\BMBir\AppData\Local\JetBrains\IntelliJ IDEA 2020.3.2\bin;;C:\Users\BMBir\AppData\Local\Microsoft\WindowsApps;
USERNAME=BMBir
OS=Windows_NT
PROCESSOR_IDENTIFIER=AMD64 Family 23 Model 1 Stepping 1, AuthenticAMD



---------------  S Y S T E M  ---------------

OS: Windows 10 , 64 bit Build 19041 (10.0.19041.804)
HyperV virtualization detected

CPU:total 12 (initial active 12) (12 cores per cpu, 2 threads per core) family 23 model 1 stepping 1, cmov, cx8, fxsr, mmx, sse, sse2, sse3, ssse3, sse4.1, sse4.2, popcnt, avx, avx2, aes, clmul, mmxext, 3dnowpref, lzcnt, sse4a, ht, tsc, tscinvbit, tscinv, bmi1, bmi2, adx, sha, fma

Memory: 4k page, system-wide physical 16320M (6825M free)
TotalPageFile size 18752M (AvailPageFile size 5649M)
current process WorkingSet (physical memory assigned to process): 98M, peak: 98M
current process commit charge ("private bytes"): 453M, peak: 453M

vm_info: Java HotSpot(TM) 64-Bit Server VM (13.0.1+9) for windows-amd64 JRE (13.0.1+9), built on Oct  6 2019 12:37:49 by "mach5one" with unknown MS VC++:1916

END.
